Coesão léxica em e segmentações automática e manual ao longo do arquivo './docs/Fabio/Ata 32 - 28a Reunião Odinária PPGCCS.txt'
Arquivo de Referêcia: './docs/Fabio/Ata 32 - 28a Reunião Odinária PPGCCS.txt.bounds'

Palvras = 982

TT 50  6
Segmentos Hyp = 14
Segmentos Ref = 7

Finais dos segmentos automáticos:
  ... e quinze, às 13h00.  | [110] |  Convocação e Presença: A ...
  ... sua realização por e-mail.  | [127] |  Celebrou-se a primeira chamada ...
  ... quantidade no próximo ano.  | [258] |  O valor da bolsa ...
  ... retiradas a qualquer momento;  | [321] |  Comunicação dos membros: (I) ...
  ... o aluno Marcelo Frate;  | [346] |  (II) o Prof. Dr. ...
  ... do prazo da bolsa.  | [449] |  A duração da bolsa ...
  ... de Estudos do PPGCCS.  | [511] |  Foi decidido retirar os ...
  ... anexa a esta ata;  | [580] |  (II) Foi discutida a ...
  ... Sorocaba – SP selecionado.  | [673] |  O aluno pode vir ...
  ... membros votaram a favor;  | [707] |  (III) Aprovado o pedido ...
  ... para setembro de 2015;  | [798] |  (V) Homologado o Relatório ...
  ... Dra. Tiemi Christine Sakata;  | [834] |  (VI) Aprovado o pedido ...
  ... membros da banca examinadora;  | [881] |  Nada mais, Tel.: (15) ...


Finais dos segmentos referência:
  ... Sorocaba a se realizar:.  | [54] |  Local, Dia e Hora: ...
  ... Tiago Agostinho de Almeida.  | [193] |  O Prof. Dr. Alexandre ...
  ... norma 4 do PPGCCS;  | [377] |  Ordem do Dia: (I) ...
  ... membros votaram a favor;  | [706] |  (III) Aprovado o pedido ...
  ... para setembro de 2015;  | [797] |  (V) Homologado o Relatório ...
  ... membros da banca examinadora;  | [880] |  Nada mais, Tel.: (15) ...
