This is pdfTeX, Version 3.14159265-2.6-1.40.17 (TeX Live 2016/Debian) (preloaded format=pdflatex 2017.8.22)  2 JUN 2018 01:50
entering extended mode
 restricted \write18 enabled.
 file:line:error style messages enabled.
 %&-line parsing enabled.
**ovidio-dissertacao.tex
(./ovidio-dissertacao.tex
LaTeX2e <2017/01/01> patch level 3
Babel <3.9r> and hyphenation patterns for 6 language(s) loaded.
(./abntex2.cls
Document Class: abntex2 2014/01/26 v1.9.2 abnTeX2
(/usr/share/texlive/texmf-dist/tex/latex/base/ifthen.sty
Package: ifthen 2014/09/29 v1.1c Standard LaTeX ifthen package (DPC)
) (/usr/share/texlive/texmf-dist/tex/latex/memoir/memoir.cls
Document Class: memoir 2016/05/16 v3.7f configurable book, report, article document class
\onelineskip=\skip41
\lxvchars=\skip42
\xlvchars=\skip43
\@memcnta=\count79
\c@@memmarkcntra=\count80
(/usr/share/texlive/texmf-dist/tex/generic/oberdiek/ifpdf.sty
Package: ifpdf 2016/05/14 v3.1 Provides the ifpdf switch
) (/usr/share/texlive/texmf-dist/tex/latex/ifetex/ifetex.sty
Package: ifetex 2011/12/15 v1.2 ifetex
 (/usr/share/texlive/texmf-dist/tex/plain/ifetex/ifetex.tex)) (/usr/share/texlive/texmf-dist/tex/generic/ifxetex/ifxetex.sty
Package: ifxetex 2010/09/12 v0.6 Provides ifxetex conditional
) (/usr/share/texlive/texmf-dist/tex/generic/oberdiek/ifluatex.sty
Package: ifluatex 2016/05/16 v1.4 Provides the ifluatex switch (HO)
Package ifluatex Info: LuaTeX not detected.
)
\stockheight=\skip44
\stockwidth=\skip45
\trimtop=\skip46
\trimedge=\skip47
 (/usr/share/texlive/texmf-dist/tex/latex/memoir/mem12.clo
File: mem12.clo 2010/10/19 v0.4b memoir class 12pt size option
)
\binding=\skip48
\spinemargin=\skip49
\foremargin=\skip50
\uppermargin=\skip51
\lowermargin=\skip52
\headdrop=\skip53
\normalrulethickness=\skip54
\mem@maxheadheight=\skip55
\mem@maxfootheight=\skip56
\headwidth=\skip57
\c@storedpagenumber=\count81
\memPD=\dimen102
\m@mabparskip=\skip58
\thanksmarkwidth=\skip59
\thanksmarksep=\skip60
\droptitle=\skip61
\c@book=\count82
\c@part=\count83
\c@chapter=\count84
\c@section=\count85
\c@subsection=\count86
\c@subsubsection=\count87
\c@paragraph=\count88
\c@subparagraph=\count89
\beforechapskip=\skip62
\midchapskip=\skip63
\afterchapskip=\skip64
\chapindent=\skip65
\bottomsectionskip=\skip66
\secindent=\skip67
\beforesecskip=\skip68
\aftersecskip=\skip69
\subsecindent=\skip70
\beforesubsecskip=\skip71
\aftersubsecskip=\skip72
\subsubsecindent=\skip73
\beforesubsubsecskip=\skip74
\aftersubsubsecskip=\skip75
\paraindent=\skip76
\beforeparaskip=\skip77
\afterparaskip=\skip78
\subparaindent=\skip79
\beforesubparaskip=\skip80
\aftersubparaskip=\skip81
\pfbreakskip=\skip82
\c@@ppsavesec=\count90
\c@@ppsaveapp=\count91
\ragrparindent=\dimen103
\everylistparindent=\dimen104
\parsepi=\skip83
\topsepi=\skip84
\itemsepi=\skip85
\parsepii=\skip86
\topsepii=\skip87
\topsepiii=\skip88
\itemsepii=\skip89
\itemsepiii=\skip90
\partopsepii=\skip91
\partopsepiii=\skip92
\m@msavetopsep=\skip93
\m@msavepartopsep=\skip94
\@enLab=\toks14
\abstitleskip=\skip95
\absleftindent=\skip96
\abs@leftindent=\dimen105
\absrightindent=\skip97
\absparindent=\skip98
\absparsep=\skip99
\c@vslineno=\count92
\c@poemline=\count93
\c@modulo@vs=\count94
\c@memfvsline=\count95
\vleftskip=\skip100
\vrightskip=\skip101
\stanzaskip=\skip102
\versewidth=\skip103
\vgap=\skip104
\vindent=\skip105
\vleftmargin=\dimen106
\c@verse=\count96
\c@chrsinstr=\count97
\beforepoemtitleskip=\skip106
\afterpoemtitleskip=\skip107
\c@poem=\count98
\beforePoemTitleskip=\skip108
\midPoemTitleskip=\skip109
\afterPoemTitleskip=\skip110
\col@sep=\dimen107
\extrarowheight=\dimen108
\NC@list=\toks15
\extratabsurround=\skip111
\backup@length=\skip112
\TX@col@width=\dimen109
\TX@old@table=\dimen110
\TX@old@col=\dimen111
\TX@target=\dimen112
\TX@delta=\dimen113
\TX@cols=\count99
\TX@ftn=\toks16
\heavyrulewidth=\dimen114
\lightrulewidth=\dimen115
\cmidrulewidth=\dimen116
\belowrulesep=\dimen117
\belowbottomsep=\dimen118
\aboverulesep=\dimen119
\abovetopsep=\dimen120
\cmidrulesep=\dimen121
\cmidrulekern=\dimen122
\defaultaddspace=\dimen123
\@cmidla=\count100
\@cmidlb=\count101
\@aboverulesep=\dimen124
\@belowrulesep=\dimen125
\@thisruleclass=\count102
\@lastruleclass=\count103
\@thisrulewidth=\dimen126
\ctableftskip=\skip113
\ctabrightskip=\skip114
\abovecolumnspenalty=\count104
\@linestogo=\count105
\@cellstogo=\count106
\@cellsincolumn=\count107
\crtok=\toks17
\@mincolumnwidth=\dimen127
\c@newflo@tctr=\count108
\mem@margin@floatbox=\box26
\@contcwidth=\skip115
\@contindw=\skip116
\abovecaptionskip=\skip117
\belowcaptionskip=\skip118
\subfloattopskip=\skip119
\subfloatcapskip=\skip120
\subfloatcaptopadj=\skip121
\subfloatbottomskip=\skip122
\subfloatlabelskip=\skip123
\subfloatcapmargin=\dimen128
\c@@contsubnum=\count109
\m@mscap@capbox=\box27
\m@mscap@fbox=\box28
\sidecapsep=\dimen129
\sidecapwidth=\dimen130
\m@m@tempdima=\dimen131
\m@mscapraise=\dimen132
\sidecapraise=\dimen133
\m@mscapmainwidth=\dimen134
\m@mscaplkern=\dimen135
\beforeepigraphskip=\skip124
\afterepigraphskip=\skip125
\epigraphwidth=\skip126
\epigraphrule=\skip127
LaTeX Info: Redefining \em on input line 7551.
LaTeX Info: Redefining \emph on input line 7559.
\tocentryskip=\skip128
\tocbaseline=\skip129
\cftparskip=\skip130
\cftbeforebookskip=\skip131
\cftbookindent=\dimen136
\cftbooknumwidth=\dimen137
\cftbeforepartskip=\skip132
\cftpartindent=\skip133
\cftpartnumwidth=\skip134
\cftbeforechapterskip=\skip135
\cftchapterindent=\skip136
\cftchapternumwidth=\skip137
\cftbeforesectionskip=\skip138
\cftsectionindent=\skip139
\cftsectionnumwidth=\skip140
\cftbeforesubsectionskip=\skip141
\cftsubsectionindent=\skip142
\cftsubsectionnumwidth=\skip143
\cftbeforesubsubsectionskip=\skip144
\cftsubsubsectionindent=\skip145
\cftsubsubsectionnumwidth=\skip146
\cftbeforeparagraphskip=\skip147
\cftparagraphindent=\skip148
\cftparagraphnumwidth=\skip149
\cftbeforesubparagraphskip=\skip150
\cftsubparagraphindent=\skip151
\cftsubparagraphnumwidth=\skip152
\prechapterprecisshift=\dimen138
\c@maxsecnumdepth=\count110
\bibindent=\dimen139
\bibitemsep=\skip153
\indexcolsep=\skip154
\indexrule=\skip155
\indexmarkstyle=\toks18
\@indexbox=\insert199
\glossarycolsep=\dimen140
\glossaryrule=\dimen141
\sideparvshift=\skip156
\sideins=\insert198
\sidebartopsep=\skip157
\sidebarhsep=\skip158
\sidebarvsep=\skip159
\sidebarwidth=\skip160
\footmarkwidth=\skip161
\footmarksep=\skip162
\footparindent=\skip163
\footinsdim=\skip164
\footinsv@r=\insert197
\@mpfootinsv@r=\insert196
\m@m@k=\count111
\m@m@h=\dimen142
\m@mipn@skip=\skip165
\sidefootins=\insert195
\sidefootadjust=\skip166
\sidefootheight=\skip167
\sidefoothsep=\skip168
\sidefootvsep=\skip169
\sidefootwidth=\skip170
\m@mdownsf=\skip171
\c@sidefootnote=\count112
\sidefootmarkwidth=\skip172
\sidefootmarksep=\skip173
\sidefootparindent=\skip174
\c@pagenote=\count113
\c@pagenoteshadow=\count114
\mem@pn@lastkern=\skip175
\every@verbatim=\toks19
\afterevery@verbatim=\toks20
\verbatim@line=\toks21
\tab@position=\count115
\verbatim@in@stream=\read1
\verbatimindent=\skip176
\verbatim@out=\write3
\bvboxsep=\skip177
\c@memfbvline=\count116
\c@bvlinectr=\count117
\bvnumlength=\skip178
\fb@frw=\dimen143
\fb@frh=\dimen144
\FrameRule=\dimen145
\FrameSep=\dimen146
\c@cp@cntr=\count118
LaTeX Info: Redefining \: on input line 12068.
LaTeX Info: Redefining \! on input line 12070.
\c@ism@mctr=\count119
\c@xsm@mctr=\count120
\c@csm@mctr=\count121
\c@ksm@mctr=\count122
\c@xksm@mctr=\count123
\c@cksm@mctr=\count124
\c@msm@mctr=\count125
\c@xmsm@mctr=\count126
\c@cmsm@mctr=\count127
\c@bsm@mctr=\count128
\c@workm@mctr=\count129
\c@sheetsequence=\count130
\c@lastsheet=\count131
\c@lastpage=\count132
\c@figure=\count133
\c@lofdepth=\count134
\cftbeforefigureskip=\skip179
\cftfigureindent=\skip180
\cftfigurenumwidth=\skip181
\c@table=\count135
\c@lotdepth=\count136
\cftbeforetableskip=\skip182
\cfttableindent=\skip183
\cfttablenumwidth=\skip184
Package abstract [2008/07/23] emulated by memoir.
Package appendix [2008/07/23] emulated by memoir.
Package array [2008/09/09] emulated by memoir.
Package booktabs [2016/05/16] emulated by memoir.
Package ccaption [2008/07/23] emulated by memoir.
Package changepage [2008/07/23] emulated by memoir.
Package chngcntr [2008/07/23] emulated by memoir.
Package chngpage [2008/07/23] emulated by memoir.
Package crop emulated by memoir.
Package dcolumn [2008/07/23] emulated by memoir.
Package delarray [2008/07/23] emulated by memoir.
Package enumerate [2008/07/23] emulated by memoir.
Package epigraph [2008/07/23] emulated by memoir.
Package ifmtarg [2008/07/23] emulated by memoir.
Package index [2008/07/23] emulated by memoir.
Package makeidx [2008/07/23] emulated by memoir.
Package moreverb [2008/07/23] emulated by memoir.
Package mparhack [2008/07/23] emulated by memoir.
Package needspace [2008/07/23] emulated by memoir.
Package newfile [2008/07/23] emulated by memoir.
Package nextpage [2008/07/23] emulated by memoir.
Package pagenote [2008/07/23] emulated by memoir.
Package parskip [2008/07/23] emulated by memoir.
Package patchcmd [2008/07/23] emulated by memoir.
Package setspace [2008/07/23] emulated by memoir.
Package shortvrb [2008/07/23] emulated by memoir.
Package showidx [2008/07/23] emulated by memoir.
Package tabularx [2008/07/23] emulated by memoir.
Package titleref [2008/07/23] emulated by memoir.
Package titling [2008/07/23] emulated by memoir.
Package tocbibind [2008/07/23] emulated by memoir.
Package tocloft [2008/07/23] emulated by memoir.
Package tocvsec2 [2008/07/23] emulated by memoir.
Package verbatim [2008/07/23] emulated by memoir.
Package verse [2008/07/23] emulated by memoir.
 (/usr/share/texlive/texmf-dist/tex/latex/memoir/mempatch.sty
Package: mempatch 2009/07/24 v6.0f Patches for memoir class v1.6180339
)) (/usr/share/texlive/texmf-dist/tex/latex/textcase/textcase.sty
Package: textcase 2004/10/07 v0.07 Text only upper/lower case changing (DPC)
LaTeX Info: Redefining \MakeTextUppercase on input line 47.
LaTeX Info: Redefining \MakeTextLowercase on input line 50.
) (/usr/share/texlive/texmf-dist/tex/latex/hyperref/hyperref.sty
Package: hyperref 2016/06/24 v6.83q Hypertext links for LaTeX
 (/usr/share/texlive/texmf-dist/tex/generic/oberdiek/hobsub-hyperref.sty
Package: hobsub-hyperref 2016/05/16 v1.14 Bundle oberdiek, subset hyperref (HO)
 (/usr/share/texlive/texmf-dist/tex/generic/oberdiek/hobsub-generic.sty
Package: hobsub-generic 2016/05/16 v1.14 Bundle oberdiek, subset generic (HO)
Package: hobsub 2016/05/16 v1.14 Construct package bundles (HO)
Package: infwarerr 2016/05/16 v1.4 Providing info/warning/error messages (HO)
Package: ltxcmds 2016/05/16 v1.23 LaTeX kernel commands for general use (HO)
Package hobsub Info: Skipping package `ifluatex' (already loaded).
Package: ifvtex 2016/05/16 v1.6 Detect VTeX and its facilities (HO)
Package ifvtex Info: VTeX not detected.
Package: intcalc 2016/05/16 v1.2 Expandable calculations with integers (HO)
Package hobsub Info: Skipping package `ifpdf' (already loaded).
Package: etexcmds 2016/05/16 v1.6 Avoid name clashes with e-TeX commands (HO)
Package etexcmds Info: Could not find \expanded.
(etexcmds)             That can mean that you are not using pdfTeX 1.50 or
(etexcmds)             that some package has redefined \expanded.
(etexcmds)             In the latter case, load this package earlier.
Package: kvsetkeys 2016/05/16 v1.17 Key value parser (HO)
Package: kvdefinekeys 2016/05/16 v1.4 Define keys (HO)
Package: pdftexcmds 2016/05/21 v0.22 Utility functions of pdfTeX for LuaTeX (HO)
Package pdftexcmds Info: LuaTeX not detected.
Package pdftexcmds Info: \pdf@primitive is available.
Package pdftexcmds Info: \pdf@ifprimitive is available.
Package pdftexcmds Info: \pdfdraftmode found.
Package: pdfescape 2016/05/16 v1.14 Implements pdfTeX's escape features (HO)
Package: bigintcalc 2016/05/16 v1.4 Expandable calculations on big integers (HO)
Package: bitset 2016/05/16 v1.2 Handle bit-vector datatype (HO)
Package: uniquecounter 2016/05/16 v1.3 Provide unlimited unique counter (HO)
)
Package hobsub Info: Skipping package `hobsub' (already loaded).
Package: letltxmacro 2016/05/16 v1.5 Let assignment for LaTeX macros (HO)
Package: hopatch 2016/05/16 v1.3 Wrapper for package hooks (HO)
Package: xcolor-patch 2016/05/16 xcolor patch
Package: atveryend 2016/05/16 v1.9 Hooks at the very end of document (HO)
Package atveryend Info: \enddocument detected (standard20110627).
Package: atbegshi 2016/06/09 v1.18 At begin shipout hook (HO)
Package: refcount 2016/05/16 v3.5 Data extraction from label references (HO)
Package: hycolor 2016/05/16 v1.8 Color options for hyperref/bookmark (HO)
) (/usr/share/texlive/texmf-dist/tex/latex/graphics/keyval.sty
Package: keyval 2014/10/28 v1.15 key=value parser (DPC)
\KV@toks@=\toks22
) (/usr/share/texlive/texmf-dist/tex/latex/oberdiek/auxhook.sty
Package: auxhook 2016/05/16 v1.4 Hooks for auxiliary files (HO)
) (/usr/share/texlive/texmf-dist/tex/latex/oberdiek/kvoptions.sty
Package: kvoptions 2016/05/16 v3.12 Key value format for package options (HO)
)
\@linkdim=\dimen147
\Hy@linkcounter=\count137
\Hy@pagecounter=\count138
 (/usr/share/texlive/texmf-dist/tex/latex/hyperref/pd1enc.def
File: pd1enc.def 2016/06/24 v6.83q Hyperref: PDFDocEncoding definition (HO)
)
\Hy@SavedSpaceFactor=\count139
 (/usr/share/texlive/texmf-dist/tex/latex/latexconfig/hyperref.cfg
File: hyperref.cfg 2002/06/06 v1.2 hyperref configuration of TeXLive
)
Package hyperref Info: Hyper figures OFF on input line 4486.
Package hyperref Info: Link nesting OFF on input line 4491.
Package hyperref Info: Hyper index ON on input line 4494.
Package hyperref Info: Plain pages OFF on input line 4501.
Package hyperref Info: Backreferencing OFF on input line 4506.
Package hyperref Info: Implicit mode ON; LaTeX internals redefined.
Package hyperref Info: Bookmarks ON on input line 4735.
\c@Hy@tempcnt=\count140
 (/usr/share/texlive/texmf-dist/tex/latex/url/url.sty
\Urlmuskip=\muskip10
Package: url 2013/09/16  ver 3.4  Verb mode for urls, etc.
)
LaTeX Info: Redefining \url on input line 5088.
\XeTeXLinkMargin=\dimen148
\Fld@menulength=\count141
\Field@Width=\dimen149
\Fld@charsize=\dimen150
Package hyperref Info: Hyper figures OFF on input line 6342.
Package hyperref Info: Link nesting OFF on input line 6347.
Package hyperref Info: Hyper index ON on input line 6350.
Package hyperref Info: backreferencing OFF on input line 6357.
Package hyperref Info: Link coloring OFF on input line 6362.
Package hyperref Info: Link coloring with OCG OFF on input line 6367.
Package hyperref Info: PDF/A mode OFF on input line 6372.
LaTeX Info: Redefining \ref on input line 6412.
LaTeX Info: Redefining \pageref on input line 6416.
\Hy@abspage=\count142
\c@Item=\count143
\c@Hfootnote=\count144
) (/usr/share/texlive/texmf-dist/tex/latex/memoir/memhfixc.sty
Package: memhfixc 2013/05/30 v1.17 nameref/hyperref package fixes for memoir class
\c@memhycontfloat=\count145
\c@Hpagenote=\count146
)

Package hyperref Message: Driver (autodetected): hpdftex.

(/usr/share/texlive/texmf-dist/tex/latex/hyperref/hpdftex.def
File: hpdftex.def 2016/06/24 v6.83q Hyperref driver for pdfTeX
\Fld@listcount=\count147
\c@bookmark@seq@number=\count148
 (/usr/share/texlive/texmf-dist/tex/latex/oberdiek/rerunfilecheck.sty
Package: rerunfilecheck 2016/05/16 v1.8 Rerun checks for auxiliary files (HO)
Package uniquecounter Info: New unique counter `rerunfilecheck' on input line 282.
)
\Hy@SectionHShift=\skip185
) (/usr/share/texlive/texmf-dist/tex/latex/oberdiek/bookmark.sty
Package: bookmark 2016/05/17 v1.26 PDF bookmarks (HO)
 (/usr/share/texlive/texmf-dist/tex/latex/oberdiek/bkm-pdftex.def
File: bkm-pdftex.def 2016/05/17 v1.26 bookmark driver for pdfTeX (HO)
\BKM@id=\count149
)) (/usr/share/texlive/texmf-dist/tex/generic/babel/babel.sty
Package: babel 2016/04/23 3.9r The Babel package
 (/usr/share/texlive/texmf-dist/tex/generic/babel-english/english.ldf
Language: english 2012/08/20 v3.3p English support from the babel system
 (/usr/share/texlive/texmf-dist/tex/generic/babel/babel.def
File: babel.def 2016/04/23 3.9r Babel common definitions
\babel@savecnt=\count150
\U@D=\dimen151
)
\l@canadian = a dialect from \language\l@american 
\l@australian = a dialect from \language\l@british 
\l@newzealand = a dialect from \language\l@british 
) (/usr/share/texlive/texmf-dist/tex/generic/babel-portuges/portuges.ldf
Language: portuges 2008/03/18 v1.2q Portuguese support from the babel system
\l@brazil = a dialect from \language\l@portuges 
Package babel Info: Making " an active character on input line 145.
)) (/usr/share/texlive/texmf-dist/tex/latex/enumitem/enumitem.sty
Package: enumitem 2011/09/28 v3.5.2 Customized lists
\labelindent=\skip186
\enit@outerparindent=\dimen152
\enit@toks=\toks23
\enit@inbox=\box29
\enitdp@description=\count151
) (/usr/share/texlive/texmf-dist/tex/latex/tools/calc.sty
Package: calc 2014/10/28 v4.3 Infix arithmetic (KKT,FJ)
\calc@Acount=\count152
\calc@Bcount=\count153
\calc@Adimen=\dimen153
\calc@Bdimen=\dimen154
\calc@Askip=\skip187
\calc@Bskip=\skip188
LaTeX Info: Redefining \setlength on input line 80.
LaTeX Info: Redefining \addtolength on input line 81.
\calc@Ccount=\count154
\calc@Cskip=\skip189
)

******************************************************
Stock height and width: 845.04684pt by 597.50787pt
Top and edge trims: 0pt and 0pt
Page height and width: 845.04684pt by 597.50787pt
Text height and width: 708pt by 455pt
Spine and edge margins: 85.35826pt and 56.9055pt
Upper and lower margins: 85.35826pt and 51.68858pt
Headheight and headsep: 14.5pt and 19.8738pt
Footskip: 30pt
Columnsep and columnseprule: 10pt and 0pt
Marginparsep and marginparwidth: 7pt and 42.9055pt
Sidecapsep and sidecapwidth: 7pt and 92pt
Sidebarhsep and sidebarwidth: 7pt and 92pt
Sidebarvsep and sidebartopsep: 14.5pt and 0pt
Sidebarheight: 590.14995pt
Sidefoothsep and sidefootwidth: 7pt and 92pt
Sidefootvsep and sidefootheight: 14.5pt and 590.14995pt
******************************************************

\c@abntex@bookmarkcounter=\count155
\cftlastnumwidth=\skip190
\chapternamenumlength=\skip191
\ABNTEXcitacaorecuo=\skip192
\c@alineasi=\count156
\c@alineasii=\count157
\enitdp@alineas=\count158
\c@subalineasi=\count159
\enitdp@subalineas=\count160
\c@incisosi=\count161
\enitdp@incisos=\count162
\ABNTEXsignwidth=\skip193
\ABNTEXsignthickness=\skip194
\ABNTEXsignskip=\skip256
) (/usr/share/texmf/tex/latex/lm/lmodern.sty
Package: lmodern 2009/10/30 v1.6 Latin Modern Fonts
LaTeX Font Info:    Overwriting symbol font `operators' in version `normal'
(Font)                  OT1/cmr/m/n --> OT1/lmr/m/n on input line 22.
LaTeX Font Info:    Overwriting symbol font `letters' in version `normal'
(Font)                  OML/cmm/m/it --> OML/lmm/m/it on input line 23.
LaTeX Font Info:    Overwriting symbol font `symbols' in version `normal'
(Font)                  OMS/cmsy/m/n --> OMS/lmsy/m/n on input line 24.
LaTeX Font Info:    Overwriting symbol font `largesymbols' in version `normal'
(Font)                  OMX/cmex/m/n --> OMX/lmex/m/n on input line 25.
LaTeX Font Info:    Overwriting symbol font `operators' in version `bold'
(Font)                  OT1/cmr/bx/n --> OT1/lmr/bx/n on input line 26.
LaTeX Font Info:    Overwriting symbol font `letters' in version `bold'
(Font)                  OML/cmm/b/it --> OML/lmm/b/it on input line 27.
LaTeX Font Info:    Overwriting symbol font `symbols' in version `bold'
(Font)                  OMS/cmsy/b/n --> OMS/lmsy/b/n on input line 28.
LaTeX Font Info:    Overwriting symbol font `largesymbols' in version `bold'
(Font)                  OMX/cmex/m/n --> OMX/lmex/m/n on input line 29.
LaTeX Font Info:    Overwriting math alphabet `\mathbf' in version `normal'
(Font)                  OT1/cmr/bx/n --> OT1/lmr/bx/n on input line 31.
LaTeX Font Info:    Overwriting math alphabet `\mathsf' in version `normal'
(Font)                  OT1/cmss/m/n --> OT1/lmss/m/n on input line 32.
LaTeX Font Info:    Overwriting math alphabet `\mathit' in version `normal'
(Font)                  OT1/cmr/m/it --> OT1/lmr/m/it on input line 33.
LaTeX Font Info:    Overwriting math alphabet `\mathtt' in version `normal'
(Font)                  OT1/cmtt/m/n --> OT1/lmtt/m/n on input line 34.
LaTeX Font Info:    Overwriting math alphabet `\mathbf' in version `bold'
(Font)                  OT1/cmr/bx/n --> OT1/lmr/bx/n on input line 35.
LaTeX Font Info:    Overwriting math alphabet `\mathsf' in version `bold'
(Font)                  OT1/cmss/bx/n --> OT1/lmss/bx/n on input line 36.
LaTeX Font Info:    Overwriting math alphabet `\mathit' in version `bold'
(Font)                  OT1/cmr/bx/it --> OT1/lmr/bx/it on input line 37.
LaTeX Font Info:    Overwriting math alphabet `\mathtt' in version `bold'
(Font)                  OT1/cmtt/m/n --> OT1/lmtt/m/n on input line 38.
) (/usr/share/texlive/texmf-dist/tex/latex/base/fontenc.sty
Package: fontenc 2017/02/22 v2.0g Standard LaTeX package
 (/usr/share/texlive/texmf-dist/tex/latex/base/t1enc.def
File: t1enc.def 2017/02/22 v2.0g Standard LaTeX file
LaTeX Font Info:    Redeclaring font encoding T1 on input line 48.
)) (/usr/share/texlive/texmf-dist/tex/latex/base/inputenc.sty
Package: inputenc 2015/03/17 v1.2c Input encoding file
\inpenc@prehook=\toks24
\inpenc@posthook=\toks25
 (/usr/share/texlive/texmf-dist/tex/latex/base/utf8.def
File: utf8.def 2017/01/28 v1.1t UTF-8 support for inputenc
Now handling font encoding OML ...
... no UTF-8 mapping file for font encoding OML
Now handling font encoding T1 ...
... processing UTF-8 mapping file for font encoding T1
 (/usr/share/texlive/texmf-dist/tex/latex/base/t1enc.dfu
File: t1enc.dfu 2017/01/28 v1.1t UTF-8 support for inputenc
   defining Unicode char U+00A0 (decimal 160)
   defining Unicode char U+00A1 (decimal 161)
   defining Unicode char U+00A3 (decimal 163)
   defining Unicode char U+00AB (decimal 171)
   defining Unicode char U+00AD (decimal 173)
   defining Unicode char U+00BB (decimal 187)
   defining Unicode char U+00BF (decimal 191)
   defining Unicode char U+00C0 (decimal 192)
   defining Unicode char U+00C1 (decimal 193)
   defining Unicode char U+00C2 (decimal 194)
   defining Unicode char U+00C3 (decimal 195)
   defining Unicode char U+00C4 (decimal 196)
   defining Unicode char U+00C5 (decimal 197)
   defining Unicode char U+00C6 (decimal 198)
   defining Unicode char U+00C7 (decimal 199)
   defining Unicode char U+00C8 (decimal 200)
   defining Unicode char U+00C9 (decimal 201)
   defining Unicode char U+00CA (decimal 202)
   defining Unicode char U+00CB (decimal 203)
   defining Unicode char U+00CC (decimal 204)
   defining Unicode char U+00CD (decimal 205)
   defining Unicode char U+00CE (decimal 206)
   defining Unicode char U+00CF (decimal 207)
   defining Unicode char U+00D0 (decimal 208)
   defining Unicode char U+00D1 (decimal 209)
   defining Unicode char U+00D2 (decimal 210)
   defining Unicode char U+00D3 (decimal 211)
   defining Unicode char U+00D4 (decimal 212)
   defining Unicode char U+00D5 (decimal 213)
   defining Unicode char U+00D6 (decimal 214)
   defining Unicode char U+00D8 (decimal 216)
   defining Unicode char U+00D9 (decimal 217)
   defining Unicode char U+00DA (decimal 218)
   defining Unicode char U+00DB (decimal 219)
   defining Unicode char U+00DC (decimal 220)
   defining Unicode char U+00DD (decimal 221)
   defining Unicode char U+00DE (decimal 222)
   defining Unicode char U+00DF (decimal 223)
   defining Unicode char U+00E0 (decimal 224)
   defining Unicode char U+00E1 (decimal 225)
   defining Unicode char U+00E2 (decimal 226)
   defining Unicode char U+00E3 (decimal 227)
   defining Unicode char U+00E4 (decimal 228)
   defining Unicode char U+00E5 (decimal 229)
   defining Unicode char U+00E6 (decimal 230)
   defining Unicode char U+00E7 (decimal 231)
   defining Unicode char U+00E8 (decimal 232)
   defining Unicode char U+00E9 (decimal 233)
   defining Unicode char U+00EA (decimal 234)
   defining Unicode char U+00EB (decimal 235)
   defining Unicode char U+00EC (decimal 236)
   defining Unicode char U+00ED (decimal 237)
   defining Unicode char U+00EE (decimal 238)
   defining Unicode char U+00EF (decimal 239)
   defining Unicode char U+00F0 (decimal 240)
   defining Unicode char U+00F1 (decimal 241)
   defining Unicode char U+00F2 (decimal 242)
   defining Unicode char U+00F3 (decimal 243)
   defining Unicode char U+00F4 (decimal 244)
   defining Unicode char U+00F5 (decimal 245)
   defining Unicode char U+00F6 (decimal 246)
   defining Unicode char U+00F8 (decimal 248)
   defining Unicode char U+00F9 (decimal 249)
   defining Unicode char U+00FA (decimal 250)
   defining Unicode char U+00FB (decimal 251)
   defining Unicode char U+00FC (decimal 252)
   defining Unicode char U+00FD (decimal 253)
   defining Unicode char U+00FE (decimal 254)
   defining Unicode char U+00FF (decimal 255)
   defining Unicode char U+0100 (decimal 256)
   defining Unicode char U+0101 (decimal 257)
   defining Unicode char U+0102 (decimal 258)
   defining Unicode char U+0103 (decimal 259)
   defining Unicode char U+0104 (decimal 260)
   defining Unicode char U+0105 (decimal 261)
   defining Unicode char U+0106 (decimal 262)
   defining Unicode char U+0107 (decimal 263)
   defining Unicode char U+0108 (decimal 264)
   defining Unicode char U+0109 (decimal 265)
   defining Unicode char U+010A (decimal 266)
   defining Unicode char U+010B (decimal 267)
   defining Unicode char U+010C (decimal 268)
   defining Unicode char U+010D (decimal 269)
   defining Unicode char U+010E (decimal 270)
   defining Unicode char U+010F (decimal 271)
   defining Unicode char U+0110 (decimal 272)
   defining Unicode char U+0111 (decimal 273)
   defining Unicode char U+0112 (decimal 274)
   defining Unicode char U+0113 (decimal 275)
   defining Unicode char U+0114 (decimal 276)
   defining Unicode char U+0115 (decimal 277)
   defining Unicode char U+0116 (decimal 278)
   defining Unicode char U+0117 (decimal 279)
   defining Unicode char U+0118 (decimal 280)
   defining Unicode char U+0119 (decimal 281)
   defining Unicode char U+011A (decimal 282)
   defining Unicode char U+011B (decimal 283)
   defining Unicode char U+011C (decimal 284)
   defining Unicode char U+011D (decimal 285)
   defining Unicode char U+011E (decimal 286)
   defining Unicode char U+011F (decimal 287)
   defining Unicode char U+0120 (decimal 288)
   defining Unicode char U+0121 (decimal 289)
   defining Unicode char U+0122 (decimal 290)
   defining Unicode char U+0123 (decimal 291)
   defining Unicode char U+0124 (decimal 292)
   defining Unicode char U+0125 (decimal 293)
   defining Unicode char U+0128 (decimal 296)
   defining Unicode char U+0129 (decimal 297)
   defining Unicode char U+012A (decimal 298)
   defining Unicode char U+012B (decimal 299)
   defining Unicode char U+012C (decimal 300)
   defining Unicode char U+012D (decimal 301)
   defining Unicode char U+012E (decimal 302)
   defining Unicode char U+012F (decimal 303)
   defining Unicode char U+0130 (decimal 304)
   defining Unicode char U+0131 (decimal 305)
   defining Unicode char U+0132 (decimal 306)
   defining Unicode char U+0133 (decimal 307)
   defining Unicode char U+0134 (decimal 308)
   defining Unicode char U+0135 (decimal 309)
   defining Unicode char U+0136 (decimal 310)
   defining Unicode char U+0137 (decimal 311)
   defining Unicode char U+0139 (decimal 313)
   defining Unicode char U+013A (decimal 314)
   defining Unicode char U+013B (decimal 315)
   defining Unicode char U+013C (decimal 316)
   defining Unicode char U+013D (decimal 317)
   defining Unicode char U+013E (decimal 318)
   defining Unicode char U+0141 (decimal 321)
   defining Unicode char U+0142 (decimal 322)
   defining Unicode char U+0143 (decimal 323)
   defining Unicode char U+0144 (decimal 324)
   defining Unicode char U+0145 (decimal 325)
   defining Unicode char U+0146 (decimal 326)
   defining Unicode char U+0147 (decimal 327)
   defining Unicode char U+0148 (decimal 328)
   defining Unicode char U+014A (decimal 330)
   defining Unicode char U+014B (decimal 331)
   defining Unicode char U+014C (decimal 332)
   defining Unicode char U+014D (decimal 333)
   defining Unicode char U+014E (decimal 334)
   defining Unicode char U+014F (decimal 335)
   defining Unicode char U+0150 (decimal 336)
   defining Unicode char U+0151 (decimal 337)
   defining Unicode char U+0152 (decimal 338)
   defining Unicode char U+0153 (decimal 339)
   defining Unicode char U+0154 (decimal 340)
   defining Unicode char U+0155 (decimal 341)
   defining Unicode char U+0156 (decimal 342)
   defining Unicode char U+0157 (decimal 343)
   defining Unicode char U+0158 (decimal 344)
   defining Unicode char U+0159 (decimal 345)
   defining Unicode char U+015A (decimal 346)
   defining Unicode char U+015B (decimal 347)
   defining Unicode char U+015C (decimal 348)
   defining Unicode char U+015D (decimal 349)
   defining Unicode char U+015E (decimal 350)
   defining Unicode char U+015F (decimal 351)
   defining Unicode char U+0160 (decimal 352)
   defining Unicode char U+0161 (decimal 353)
   defining Unicode char U+0162 (decimal 354)
   defining Unicode char U+0163 (decimal 355)
   defining Unicode char U+0164 (decimal 356)
   defining Unicode char U+0165 (decimal 357)
   defining Unicode char U+0168 (decimal 360)
   defining Unicode char U+0169 (decimal 361)
   defining Unicode char U+016A (decimal 362)
   defining Unicode char U+016B (decimal 363)
   defining Unicode char U+016C (decimal 364)
   defining Unicode char U+016D (decimal 365)
   defining Unicode char U+016E (decimal 366)
   defining Unicode char U+016F (decimal 367)
   defining Unicode char U+0170 (decimal 368)
   defining Unicode char U+0171 (decimal 369)
   defining Unicode char U+0172 (decimal 370)
   defining Unicode char U+0173 (decimal 371)
   defining Unicode char U+0174 (decimal 372)
   defining Unicode char U+0175 (decimal 373)
   defining Unicode char U+0176 (decimal 374)
   defining Unicode char U+0177 (decimal 375)
   defining Unicode char U+0178 (decimal 376)
   defining Unicode char U+0179 (decimal 377)
   defining Unicode char U+017A (decimal 378)
   defining Unicode char U+017B (decimal 379)
   defining Unicode char U+017C (decimal 380)
   defining Unicode char U+017D (decimal 381)
   defining Unicode char U+017E (decimal 382)
   defining Unicode char U+01CD (decimal 461)
   defining Unicode char U+01CE (decimal 462)
   defining Unicode char U+01CF (decimal 463)
   defining Unicode char U+01D0 (decimal 464)
   defining Unicode char U+01D1 (decimal 465)
   defining Unicode char U+01D2 (decimal 466)
   defining Unicode char U+01D3 (decimal 467)
   defining Unicode char U+01D4 (decimal 468)
   defining Unicode char U+01E2 (decimal 482)
   defining Unicode char U+01E3 (decimal 483)
   defining Unicode char U+01E6 (decimal 486)
   defining Unicode char U+01E7 (decimal 487)
   defining Unicode char U+01E8 (decimal 488)
   defining Unicode char U+01E9 (decimal 489)
   defining Unicode char U+01EA (decimal 490)
   defining Unicode char U+01EB (decimal 491)
   defining Unicode char U+01F0 (decimal 496)
   defining Unicode char U+01F4 (decimal 500)
   defining Unicode char U+01F5 (decimal 501)
   defining Unicode char U+0218 (decimal 536)
   defining Unicode char U+0219 (decimal 537)
   defining Unicode char U+021A (decimal 538)
   defining Unicode char U+021B (decimal 539)
   defining Unicode char U+0232 (decimal 562)
   defining Unicode char U+0233 (decimal 563)
   defining Unicode char U+1E02 (decimal 7682)
   defining Unicode char U+1E03 (decimal 7683)
   defining Unicode char U+200C (decimal 8204)
   defining Unicode char U+2010 (decimal 8208)
   defining Unicode char U+2011 (decimal 8209)
   defining Unicode char U+2012 (decimal 8210)
   defining Unicode char U+2013 (decimal 8211)
   defining Unicode char U+2014 (decimal 8212)
   defining Unicode char U+2015 (decimal 8213)
   defining Unicode char U+2018 (decimal 8216)
   defining Unicode char U+2019 (decimal 8217)
   defining Unicode char U+201A (decimal 8218)
   defining Unicode char U+201C (decimal 8220)
   defining Unicode char U+201D (decimal 8221)
   defining Unicode char U+201E (decimal 8222)
   defining Unicode char U+2030 (decimal 8240)
   defining Unicode char U+2031 (decimal 8241)
   defining Unicode char U+2039 (decimal 8249)
   defining Unicode char U+203A (decimal 8250)
   defining Unicode char U+2423 (decimal 9251)
   defining Unicode char U+1E20 (decimal 7712)
   defining Unicode char U+1E21 (decimal 7713)
)
Now handling font encoding OT1 ...
... processing UTF-8 mapping file for font encoding OT1
 (/usr/share/texlive/texmf-dist/tex/latex/base/ot1enc.dfu
File: ot1enc.dfu 2017/01/28 v1.1t UTF-8 support for inputenc
   defining Unicode char U+00A0 (decimal 160)
   defining Unicode char U+00A1 (decimal 161)
   defining Unicode char U+00A3 (decimal 163)
   defining Unicode char U+00AD (decimal 173)
   defining Unicode char U+00B8 (decimal 184)
   defining Unicode char U+00BF (decimal 191)
   defining Unicode char U+00C5 (decimal 197)
   defining Unicode char U+00C6 (decimal 198)
   defining Unicode char U+00D8 (decimal 216)
   defining Unicode char U+00DF (decimal 223)
   defining Unicode char U+00E6 (decimal 230)
   defining Unicode char U+00EC (decimal 236)
   defining Unicode char U+00ED (decimal 237)
   defining Unicode char U+00EE (decimal 238)
   defining Unicode char U+00EF (decimal 239)
   defining Unicode char U+00F8 (decimal 248)
   defining Unicode char U+0131 (decimal 305)
   defining Unicode char U+0141 (decimal 321)
   defining Unicode char U+0142 (decimal 322)
   defining Unicode char U+0152 (decimal 338)
   defining Unicode char U+0153 (decimal 339)
   defining Unicode char U+0174 (decimal 372)
   defining Unicode char U+0175 (decimal 373)
   defining Unicode char U+0176 (decimal 374)
   defining Unicode char U+0177 (decimal 375)
   defining Unicode char U+0218 (decimal 536)
   defining Unicode char U+0219 (decimal 537)
   defining Unicode char U+021A (decimal 538)
   defining Unicode char U+021B (decimal 539)
   defining Unicode char U+2013 (decimal 8211)
   defining Unicode char U+2014 (decimal 8212)
   defining Unicode char U+2018 (decimal 8216)
   defining Unicode char U+2019 (decimal 8217)
   defining Unicode char U+201C (decimal 8220)
   defining Unicode char U+201D (decimal 8221)
)
Now handling font encoding OMS ...
... processing UTF-8 mapping file for font encoding OMS
 (/usr/share/texlive/texmf-dist/tex/latex/base/omsenc.dfu
File: omsenc.dfu 2017/01/28 v1.1t UTF-8 support for inputenc
   defining Unicode char U+00A7 (decimal 167)
   defining Unicode char U+00B6 (decimal 182)
   defining Unicode char U+00B7 (decimal 183)
   defining Unicode char U+2020 (decimal 8224)
   defining Unicode char U+2021 (decimal 8225)
   defining Unicode char U+2022 (decimal 8226)
)
Now handling font encoding OMX ...
... no UTF-8 mapping file for font encoding OMX
Now handling font encoding U ...
... no UTF-8 mapping file for font encoding U
Now handling font encoding PD1 ...
... no UTF-8 mapping file for font encoding PD1
   defining Unicode char U+00A9 (decimal 169)
   defining Unicode char U+00AA (decimal 170)
   defining Unicode char U+00AE (decimal 174)
   defining Unicode char U+00BA (decimal 186)
   defining Unicode char U+02C6 (decimal 710)
   defining Unicode char U+02DC (decimal 732)
   defining Unicode char U+200C (decimal 8204)
   defining Unicode char U+2026 (decimal 8230)
   defining Unicode char U+2122 (decimal 8482)
   defining Unicode char U+2423 (decimal 9251)
)) (/usr/share/texlive/texmf-dist/tex/latex/lastpage/lastpage.sty
Package: lastpage 2015/03/29 v1.2m Refers to last page's name (HMM; JPG)
) (/usr/share/texlive/texmf-dist/tex/latex/tools/indentfirst.sty
Package: indentfirst 1995/11/23 v1.03 Indent first paragraph (DPC)
) (/usr/share/texlive/texmf-dist/tex/latex/graphics/color.sty
Package: color 2016/07/10 v1.1e Standard LaTeX Color (DPC)
 (/usr/share/texlive/texmf-dist/tex/latex/graphics-cfg/color.cfg
File: color.cfg 2016/01/02 v1.6 sample color configuration
)
Package color Info: Driver file: pdftex.def on input line 147.
 (/usr/share/texlive/texmf-dist/tex/latex/graphics-def/pdftex.def
File: pdftex.def 2017/01/12 v0.06k Graphics/color for pdfTeX
\Gread@gobject=\count163
)) (/usr/share/texlive/texmf-dist/tex/latex/graphics/graphicx.sty
Package: graphicx 2014/10/28 v1.0g Enhanced LaTeX Graphics (DPC,SPQR)
 (/usr/share/texlive/texmf-dist/tex/latex/graphics/graphics.sty
Package: graphics 2016/10/09 v1.0u Standard LaTeX Graphics (DPC,SPQR)
 (/usr/share/texlive/texmf-dist/tex/latex/graphics/trig.sty
Package: trig 2016/01/03 v1.10 sin cos tan (DPC)
) (/usr/share/texlive/texmf-dist/tex/latex/graphics-cfg/graphics.cfg
File: graphics.cfg 2016/06/04 v1.11 sample graphics configuration
)
Package graphics Info: Driver file: pdftex.def on input line 99.
)
\Gin@req@height=\dimen155
\Gin@req@width=\dimen156
) (/usr/share/texlive/texmf-dist/tex/latex/microtype/microtype.sty
Package: microtype 2016/05/14 v2.6a Micro-typographical refinements (RS)
\MT@toks=\toks26
\MT@count=\count164
LaTeX Info: Redefining \textls on input line 774.
\MT@outer@kern=\dimen157
LaTeX Info: Redefining \textmicrotypecontext on input line 1310.
\MT@listname@count=\count165
 (/usr/share/texlive/texmf-dist/tex/latex/microtype/microtype-pdftex.def
File: microtype-pdftex.def 2016/05/14 v2.6a Definitions specific to pdftex (RS)
LaTeX Info: Redefining \lsstyle on input line 916.
LaTeX Info: Redefining \lslig on input line 916.
\MT@outer@space=\skip257
)
Package microtype Info: Loading configuration file microtype.cfg.
 (/usr/share/texlive/texmf-dist/tex/latex/microtype/microtype.cfg
File: microtype.cfg 2016/05/14 v2.6a microtype main configuration file (RS)
)) (/usr/share/texlive/texmf-dist/tex/latex/graphics/epsfig.sty
Package: epsfig 1999/02/16 v1.7a (e)psfig emulation (SPQR)
\epsfxsize=\dimen158
\epsfysize=\dimen159
) (/usr/share/texlive/texmf-dist/tex/latex/psfrag/psfrag.sty
Package: psfrag 1998/04/11 v3.04 PSfrag (MCG)
\pfg@pcount=\count166
\pfg@scount=\count167
\pfg@temp=\write4
) (/usr/share/texlive/texmf-dist/tex/latex/amsmath/amsmath.sty
Package: amsmath 2016/11/05 v2.16a AMS math features
\@mathmargin=\skip258

For additional information on amsmath, use the `?' option.
(/usr/share/texlive/texmf-dist/tex/latex/amsmath/amstext.sty
Package: amstext 2000/06/29 v2.01 AMS text
 (/usr/share/texlive/texmf-dist/tex/latex/amsmath/amsgen.sty
File: amsgen.sty 1999/11/30 v2.0 generic functions
\@emptytoks=\toks27
\ex@=\dimen160
)) (/usr/share/texlive/texmf-dist/tex/latex/amsmath/amsbsy.sty
Package: amsbsy 1999/11/29 v1.2d Bold Symbols
\pmbraise@=\dimen161
) (/usr/share/texlive/texmf-dist/tex/latex/amsmath/amsopn.sty
Package: amsopn 2016/03/08 v2.02 operator names
)
\inf@bad=\count168
LaTeX Info: Redefining \frac on input line 213.
\uproot@=\count169
\leftroot@=\count170
LaTeX Info: Redefining \overline on input line 375.
\classnum@=\count171
\DOTSCASE@=\count172
LaTeX Info: Redefining \ldots on input line 472.
LaTeX Info: Redefining \dots on input line 475.
LaTeX Info: Redefining \cdots on input line 596.
\Mathstrutbox@=\box30
\strutbox@=\box31
\big@size=\dimen162
LaTeX Font Info:    Redeclaring font encoding OML on input line 712.
LaTeX Font Info:    Redeclaring font encoding OMS on input line 713.
\macc@depth=\count173
\c@MaxMatrixCols=\count174
\dotsspace@=\muskip11
\c@parentequation=\count175
\dspbrk@lvl=\count176
\tag@help=\toks28
\row@=\count177
\column@=\count178
\maxfields@=\count179
\andhelp@=\toks29
\eqnshift@=\dimen163
\alignsep@=\dimen164
\tagshift@=\dimen165
\tagwidth@=\dimen166
\totwidth@=\dimen167
\lineht@=\dimen168
\@envbody=\toks30
\multlinegap=\skip259
\multlinetaggap=\skip260
\mathdisplay@stack=\toks31
LaTeX Info: Redefining \[ on input line 2817.
LaTeX Info: Redefining \] on input line 2818.
) (/usr/share/texlive/texmf-dist/tex/latex/hyperref/backref.sty
Package: backref 2016/05/21 v1.39 Bibliographical back referencing
) (./abntex2cite.sty
Package: abntex2cite 2014/01/26 v1.9.2 abnTeX2
 (./abntex2abrev.sty)
\minimumbiblabelwidth=\skip261
\ABCIauxlen=\skip262
\c@ABCIaux=\count180
\c@ABCImax=\count181
 (/usr/share/texlive/texmf-dist/tex/latex/relsize/relsize.sty
Package: relsize 2013/03/29 ver 4.1
)
\biblabelsep=\skip263
LaTeX Info: Redefining \newblock on input line 675.
LaTeX Info: Redefining \cite on input line 702.
\ABCItoken=\toks32
) (/usr/share/texlive/texmf-dist/tex/latex/xcolor/xcolor.sty
Package: xcolor 2016/05/11 v2.12 LaTeX color extensions (UK)
 (/usr/share/texlive/texmf-dist/tex/latex/graphics-cfg/color.cfg
File: color.cfg 2016/01/02 v1.6 sample color configuration
)
Package xcolor Info: Driver file: pdftex.def on input line 225.
 (/usr/share/texlive/texmf-dist/tex/latex/colortbl/colortbl.sty
Package: colortbl 2012/02/13 v1.0a Color table columns (DPC)
\everycr=\toks33
\minrowclearance=\skip264
)
LaTeX Info: Redefining \color on input line 709.
\rownum=\count182
Package xcolor Info: Model `cmy' substituted by `cmy0' on input line 1348.
Package xcolor Info: Model `hsb' substituted by `rgb' on input line 1352.
Package xcolor Info: Model `RGB' extended on input line 1364.
Package xcolor Info: Model `HTML' substituted by `rgb' on input line 1366.
Package xcolor Info: Model `Hsb' substituted by `hsb' on input line 1367.
Package xcolor Info: Model `tHsb' substituted by `hsb' on input line 1368.
Package xcolor Info: Model `HSB' substituted by `hsb' on input line 1369.
Package xcolor Info: Model `Gray' substituted by `gray' on input line 1370.
Package xcolor Info: Model `wave' substituted by `hsb' on input line 1371.
) (./algorithm2e.sty
Package: algorithm2e 2013/01/06 v5.00 algorithms environments
\c@AlgoLine=\count183
\algocf@hangindent=\skip265
 (/usr/share/texlive/texmf-dist/tex/latex/tools/xspace.sty
Package: xspace 2014/10/28 v1.13 Space after command names (DPC,MH)
)
********************************************************
Package `algorithm2e' Release 5.1 -- october 19 2015 --
- algorithm2e-announce@lirmm.fr mailing list for announcement about releases
- algorithm2e-discussion@lirmm.fr mailing list for discussion about package
subscribe by emailing sympa@lirmm.fr with 'subscribe <list> <firstname name>'
- Author: Christophe Fiorio (christophe.fiorio@umontpellier.fr)
********************************************************
\skiptotal=\skip266
\skiplinenumber=\skip267
\skiprule=\skip268
\skiphlne=\skip269
\skiptext=\skip270
\skiplength=\skip271
\algomargin=\skip272
\skipalgocfslide=\skip273
\algowidth=\dimen169
\inoutsize=\dimen170
\inoutindent=\dimen171
\interspacetitleruled=\dimen172
\interspacealgoruled=\dimen173
\interspacetitleboxruled=\dimen174
\algocf@ruledwidth=\skip274
\algocf@inoutbox=\box32
\algocf@inputbox=\box33
\AlCapSkip=\skip275
\AlCapHSkip=\skip276
\algoskipindent=\skip277
\algocf@nlbox=\box34
\algocf@hangingbox=\box35
\algocf@untilbox=\box36
\algocf@skipuntil=\skip278
\algocf@capbox=\box37
\algoheightruledefault=\skip279
\algoheightrule=\skip280
\algotitleheightruledefault=\skip281
\algotitleheightrule=\skip282
\c@algocfline=\count184
\c@algocfproc=\count185
\c@algocf=\count186
\algocf@algoframe=\box38
\algocf@algobox=\box39
) (./macros.tex
\bracketwidth=\dimen175
LaTeX Font Info:    Try loading font information for OT1+lmr on input line 19.
 (/usr/share/texmf/tex/latex/lm/ot1lmr.fd
File: ot1lmr.fd 2009/10/30 v1.6 Font defs for Latin Modern
)
LaTeX Font Info:    Try loading font information for OML+lmm on input line 19.
 (/usr/share/texmf/tex/latex/lm/omllmm.fd
File: omllmm.fd 2009/10/30 v1.6 Font defs for Latin Modern
)
LaTeX Font Info:    Try loading font information for OMS+lmsy on input line 19.
 (/usr/share/texmf/tex/latex/lm/omslmsy.fd
File: omslmsy.fd 2009/10/30 v1.6 Font defs for Latin Modern
)
LaTeX Font Info:    Try loading font information for OMX+lmex on input line 19.
 (/usr/share/texmf/tex/latex/lm/omxlmex.fd
File: omxlmex.fd 2009/10/30 v1.6 Font defs for Latin Modern
)
LaTeX Font Info:    External font `lmex10' loaded for size
(Font)              <12> on input line 19.
LaTeX Font Info:    External font `lmex10' loaded for size
(Font)              <8> on input line 19.
LaTeX Font Info:    External font `lmex10' loaded for size
(Font)              <6> on input line 19.
\c@teorema=\count187
\c@lema=\count188
\c@corolario=\count189
\c@definicao=\count190
)

Package hyperref Warning: Token not allowed in a PDF string (PDFDocEncoding):
(hyperref)                removing `\@ifnextchar' on input line 134.


Package hyperref Warning: Token not allowed in a PDF string (PDFDocEncoding):
(hyperref)                removing `\begingroup' on input line 134.


Package hyperref Warning: Token not allowed in a PDF string (PDFDocEncoding):
(hyperref)                removing `\catcode' on input line 134.


Package hyperref Warning: Token not allowed in a PDF string (PDFDocEncoding):
(hyperref)                removing `\active' on input line 134.


Package hyperref Warning: Token not allowed in a PDF string (PDFDocEncoding):
(hyperref)                removing `\<def>-command' on input line 134.


Package hyperref Warning: Token not allowed in a PDF string (PDFDocEncoding):
(hyperref)                removing `\csname\endcsname' on input line 134.


Package hyperref Warning: Token not allowed in a PDF string (PDFDocEncoding):
(hyperref)                removing `\catcode' on input line 134.


Package hyperref Warning: Token not allowed in a PDF string (PDFDocEncoding):
(hyperref)                removing `\active' on input line 134.


Package hyperref Warning: Token not allowed in a PDF string (PDFDocEncoding):
(hyperref)                removing `\<let>-command' on input line 134.


Package hyperref Warning: Token not allowed in a PDF string (PDFDocEncoding):
(hyperref)                removing `\csname\endcsname' on input line 134.


Package hyperref Warning: Token not allowed in a PDF string (PDFDocEncoding):
(hyperref)                removing `\<let>-command' on input line 134.


Package hyperref Warning: Token not allowed in a PDF string (PDFDocEncoding):
(hyperref)                removing `\%' on input line 134.


Package hyperref Warning: Token not allowed in a PDF string (PDFDocEncoding):
(hyperref)                removing `\catcode' on input line 134.


Package hyperref Warning: Token not allowed in a PDF string (PDFDocEncoding):
(hyperref)                removing `\active' on input line 134.


Package hyperref Warning: Token not allowed in a PDF string (PDFDocEncoding):
(hyperref)                removing `\<def>-command' on input line 134.


Package hyperref Warning: Token not allowed in a PDF string (PDFDocEncoding):
(hyperref)                removing `\csname\endcsname' on input line 134.


Package hyperref Warning: Token not allowed in a PDF string (PDFDocEncoding):
(hyperref)                removing `\<def>-command' on input line 134.


Package hyperref Warning: Token not allowed in a PDF string (PDFDocEncoding):
(hyperref)                removing `\#' on input line 134.


Package hyperref Warning: Token not allowed in a PDF string (PDFDocEncoding):
(hyperref)                removing `\catcode' on input line 134.


Package hyperref Warning: Token not allowed in a PDF string (PDFDocEncoding):
(hyperref)                removing `\<def>-command' on input line 134.


Package hyperref Warning: Token not allowed in a PDF string (PDFDocEncoding):
(hyperref)                removing `\csname\endcsname' on input line 134.


Package hyperref Warning: Token not allowed in a PDF string (PDFDocEncoding):
(hyperref)                removing `\<def>-command' on input line 134.


Package hyperref Warning: Token not allowed in a PDF string (PDFDocEncoding):
(hyperref)                removing `\&' on input line 134.


Package hyperref Warning: Token not allowed in a PDF string (PDFDocEncoding):
(hyperref)                removing `\<def>-command' on input line 134.


Package hyperref Warning: Token not allowed in a PDF string (PDFDocEncoding):
(hyperref)                removing `\textunderscore' on input line 134.


Package hyperref Warning: Token not allowed in a PDF string (PDFDocEncoding):
(hyperref)                removing `\<let>-command' on input line 134.


Package hyperref Warning: Token not allowed in a PDF string (PDFDocEncoding):
(hyperref)                removing `\_' on input line 134.


Package hyperref Warning: Token not allowed in a PDF string (PDFDocEncoding):
(hyperref)                removing `\catcode' on input line 134.


Package hyperref Warning: Token not allowed in a PDF string (PDFDocEncoding):
(hyperref)                removing `\active' on input line 134.


Package hyperref Warning: Token not allowed in a PDF string (PDFDocEncoding):
(hyperref)                removing `\<let>-command' on input line 134.


Package hyperref Warning: Token not allowed in a PDF string (PDFDocEncoding):
(hyperref)                removing `\csname\endcsname' on input line 134.


Package hyperref Warning: Token not allowed in a PDF string (PDFDocEncoding):
(hyperref)                removing `\<let>-command' on input line 134.


Package hyperref Warning: Token not allowed in a PDF string (PDFDocEncoding):
(hyperref)                removing `\csname\endcsname' on input line 134.


Package hyperref Warning: Token not allowed in a PDF string (PDFDocEncoding):
(hyperref)                removing `\<let>-command' on input line 134.


Package hyperref Warning: Token not allowed in a PDF string (PDFDocEncoding):
(hyperref)                removing `\~' on input line 134.


Package hyperref Warning: Token not allowed in a PDF string (PDFDocEncoding):
(hyperref)                removing `\<let>-command' on input line 134.


Package hyperref Warning: Token not allowed in a PDF string (PDFDocEncoding):
(hyperref)                removing `\textasciitilde' on input line 134.


Package hyperref Warning: Token not allowed in a PDF string (PDFDocEncoding):
(hyperref)                removing `\<let>-command' on input line 134.


Package hyperref Warning: Token not allowed in a PDF string (PDFDocEncoding):
(hyperref)                removing `\\' on input line 134.


Package hyperref Warning: Token not allowed in a PDF string (PDFDocEncoding):
(hyperref)                removing `\<def>-command' on input line 134.


Package hyperref Warning: Token not allowed in a PDF string (PDFDocEncoding):
(hyperref)                removing `\csname\endcsname' on input line 134.


Package hyperref Warning: Token not allowed in a PDF string (PDFDocEncoding):
(hyperref)                removing `\<def>-command' on input line 134.


Package hyperref Warning: Token not allowed in a PDF string (PDFDocEncoding):
(hyperref)                removing `\Hy@tempa' on input line 134.


Package hyperref Warning: Token not allowed in a PDF string (PDFDocEncoding):
(hyperref)                removing `\<def>-command' on input line 134.


Package hyperref Warning: Token not allowed in a PDF string (PDFDocEncoding):
(hyperref)                removing `\Hy@tempa' on input line 134.


Package hyperref Warning: Token not allowed in a PDF string (PDFDocEncoding):
(hyperref)                removing `\<let>-command' on input line 134.


Package hyperref Warning: Token not allowed in a PDF string (PDFDocEncoding):
(hyperref)                removing `\nextToken' on input line 134.

Package hyperref Info: Option `colorlinks' set `true' on input line 134.
\ovidio-dissertacao@idxfile=\write5
\openout5 = `ovidio-dissertacao.idx'.

Writing index file ovidio-dissertacao.idx 
(./ovidio-dissertacao.aux (./conteudo/capitulos/2-cap1.aux) (./conteudo/capitulos/3-cap2.aux) (./conteudo/capitulos/4-cap3.aux) (./conteudo/capitulos/cap-avaliacao-segmentadores.aux

LaTeX Warning: Label `tab:segmentacaoreferencia' multiply defined.


LaTeX Warning: Label `fig:a' multiply defined.


LaTeX Warning: Label `fig:b' multiply defined.


LaTeX Warning: Label `fig:grafico-medidas-tradicionais' multiply defined.


LaTeX Warning: Label `fig:grafico-medidas-tradicionais' multiply defined.


LaTeX Warning: Label `fig:grafico-medidas-tradicionais' multiply defined.


LaTeX Warning: Label `fig:grafico-medidas-tradicionais' multiply defined.


LaTeX Warning: Label `fig:grafico-medidas-tradicionais' multiply defined.

) (./conteudo/capitulos/cap-avaliacao-extratores.aux) (./conteudo/capitulos/cap-avaliacao-modulo-consulta.aux))
\openout1 = `ovidio-dissertacao.aux'.

LaTeX Font Info:    Checking defaults for OML/cmm/m/it on input line 160.
LaTeX Font Info:    ... okay on input line 160.
LaTeX Font Info:    Checking defaults for T1/cmr/m/n on input line 160.
LaTeX Font Info:    ... okay on input line 160.
LaTeX Font Info:    Checking defaults for OT1/cmr/m/n on input line 160.
LaTeX Font Info:    ... okay on input line 160.
LaTeX Font Info:    Checking defaults for OMS/cmsy/m/n on input line 160.
LaTeX Font Info:    ... okay on input line 160.
LaTeX Font Info:    Checking defaults for OMX/cmex/m/n on input line 160.
LaTeX Font Info:    ... okay on input line 160.
LaTeX Font Info:    Checking defaults for U/cmr/m/n on input line 160.
LaTeX Font Info:    ... okay on input line 160.
LaTeX Font Info:    Checking defaults for PD1/pdf/m/n on input line 160.
LaTeX Font Info:    ... okay on input line 160.
LaTeX Font Info:    Try loading font information for T1+lmr on input line 160.
 (/usr/share/texmf/tex/latex/lm/t1lmr.fd
File: t1lmr.fd 2009/10/30 v1.6 Font defs for Latin Modern
)
\AtBeginShipoutBox=\box40
Package hyperref Info: Link coloring ON on input line 160.
 (/usr/share/texlive/texmf-dist/tex/latex/hyperref/nameref.sty
Package: nameref 2016/05/21 v2.44 Cross-referencing by name of section
 (/usr/share/texlive/texmf-dist/tex/generic/oberdiek/gettitlestring.sty
Package: gettitlestring 2016/05/16 v1.5 Cleanup title references (HO)
)
\c@section@level=\count191
)
Redoing nameref's sectioning
Redoing nameref's label
LaTeX Info: Redefining \nameref on input line 160.
LaTeX Info: Redefining \ref on input line 160.
LaTeX Info: Redefining \pageref on input line 160.
LaTeX Info: Redefining \nameref on input line 160.
\myptabbox=\box41
\myptabboxwidth=\skip283
Package lastpage Info: Please have a look at the pageslts package at
(lastpage)             https://www.ctan.org/pkg/pageslts
(lastpage)             ! on input line 160.
(/usr/share/texlive/texmf-dist/tex/context/base/mkii/supp-pdf.mkii
[Loading MPS to PDF converter (version 2006.09.02).]
\scratchcounter=\count192
\scratchdimen=\dimen176
\scratchbox=\box42
\nofMPsegments=\count193
\nofMParguments=\count194
\everyMPshowfont=\toks34
\MPscratchCnt=\count266
\MPscratchDim=\dimen177
\MPnumerator=\count267
\makeMPintoPDFobject=\count268
\everyMPtoPDFconversion=\toks35
) (/usr/share/texlive/texmf-dist/tex/latex/oberdiek/epstopdf-base.sty
Package: epstopdf-base 2016/05/15 v2.6 Base part for package epstopdf
 (/usr/share/texlive/texmf-dist/tex/latex/oberdiek/grfext.sty
Package: grfext 2016/05/16 v1.2 Manage graphics extensions (HO)
)
Package epstopdf-base Info: Redefining graphics rule for `.eps' on input line 438.
Package grfext Info: Graphics extension search list:
(grfext)             [.png,.pdf,.jpg,.mps,.jpeg,.jbig2,.jb2,.PNG,.PDF,.JPG,.JPEG,.JBIG2,.JB2,.eps]
(grfext)             \AppendGraphicsExtensions on input line 456.
 (/usr/share/texlive/texmf-dist/tex/latex/latexconfig/epstopdf-sys.cfg
File: epstopdf-sys.cfg 2010/07/13 v1.3 Configuration of (r)epstopdf for TeX Live
))
LaTeX Info: Redefining \microtypecontext on input line 160.
Package microtype Info: Generating PDF output.
Package microtype Info: Character protrusion enabled (level 2).
Package microtype Info: Using default protrusion set `alltext'.
Package microtype Info: Automatic font expansion enabled (level 2),
(microtype)             stretch: 20, shrink: 20, step: 1, non-selected.
Package microtype Info: Using default expansion set `basictext'.
Package microtype Info: No adjustment of tracking.
Package microtype Info: No adjustment of interword spacing.
Package microtype Info: No adjustment of character kerning.
 (/usr/share/texlive/texmf-dist/tex/latex/microtype/mt-cmr.cfg
File: mt-cmr.cfg 2013/05/19 v2.2 microtype config. file: Computer Modern Roman (RS)
)
LaTeX Font Info:    Try loading font information for T1+lmss on input line 174.
 (/usr/share/texmf/tex/latex/lm/t1lmss.fd
File: t1lmss.fd 2009/10/30 v1.6 Font defs for Latin Modern
)
Package microtype Info: Loading generic settings for font family
(microtype)             `lmss' (encoding: T1).
(microtype)             For optimal results, create family-specific settings.
(microtype)             See the microtype manual for details.
 [1
Non-PDF special ignored!

{/var/lib/texmf/fonts/map/pdftex/updmap/pdftex.map}] (./conteudo/8-simbolos.texpdfTeX warning (ext4): destination with the same identifier (name{page.1}) has been already used, duplicate ignored
<to be read again> 
                   \relax 
l.53   \end{simbolos}
                      [1



]) (./ovidio-dissertacao.toc
LaTeX Font Info:    Font shape `T1/lmss/m/it' in size <12> not available
(Font)              Font shape `T1/lmss/m/sl' tried instead on input line 12.
 [2

]) [3]
\openout2 = `conteudo/capitulos/2-cap1.aux'.

 (./conteudo/capitulos/2-cap1.tex [4


]
Underfull \vbox (badness 10000) has occurred while \output is active []

 [5]
LaTeX Font Info:    External font `lmex10' loaded for size
(Font)              <10> on input line 35.
LaTeX Font Info:    External font `lmex10' loaded for size
(Font)              <7> on input line 35.
LaTeX Font Info:    External font `lmex10' loaded for size
(Font)              <5> on input line 35.
LaTeX Font Info:    Try loading font information for T1+lmtt on input line 35.
 (/usr/share/texmf/tex/latex/lm/t1lmtt.fd
File: t1lmtt.fd 2009/10/30 v1.6 Font defs for Latin Modern
)
Package microtype Info: Loading generic settings for font family
(microtype)             `lmtt' (encoding: T1).
(microtype)             For optimal results, create family-specific settings.
(microtype)             See the microtype manual for details.


LaTeX Warning: Citation `X' on page 6 undefined on input line 41.


LaTeX Warning: Citation `Y' on page 6 undefined on input line 41.


LaTeX Warning: Citation `Z' on page 6 undefined on input line 41.


Underfull \vbox (badness 1924) has occurred while \output is active []

 [6]

Package hyperref Warning: Suppressing empty link on input line 86.


Underfull \vbox (badness 10000) has occurred while \output is active []

 [7])
Underfull \vbox (badness 10000) has occurred while \output is active []

 [8] [9]
\openout2 = `conteudo/capitulos/3-cap2.aux'.

 (./conteudo/capitulos/3-cap2.tex [10



] (./conteudo/capitulos/inputs/representacao-textos.tex
LaTeX Font Info:    Font shape `T1/lmss/m/it' in size <14.4> not available
(Font)              Font shape `T1/lmss/m/sl' tried instead on input line 7.


./conteudo/capitulos/inputs/representacao-textos.tex:28: LaTeX Error: There's no line here to end.

See the LaTeX manual or LaTeX Companion for explanation.
Type  H <return>  for immediate help.
 ...                                              
                                                  
l.28 	\label{table:bagofwords}\\
                                
Your command was ignored.
Type  I <command> <return>  to replace it with another command,
or  <return>  to continue without it.


LaTeX Warning: `!h' float specifier changed to `!ht'.

[11]) (./conteudo/capitulos/inputs/preprocessamento.tex) (./conteudo/capitulos/inputs/medidas.tex

./conteudo/capitulos/inputs/medidas.tex:15: Package amsmath Error: Multiple \label's: label 'equ:cosseno-doc-consulta' will be lost.

See the amsmath package documentation for explanation.
Type  H <return>  for immediate help.
 ...                                              
                                                  
l.15    \label
              {equ:cosine}
Your command was ignored.
Type  I <command> <return>  to replace it with another command,
or  <return>  to continue without it.

) (./conteudo/capitulos/inputs/recuperacao-informacao.tex [12]
Underfull \vbox (badness 6412) has occurred while \output is active []

 [13] [14]
Underfull \hbox (badness 10000) in paragraph at lines 126--128

 []

[15]) (./conteudo/capitulos/inputs/segmentacao.tex (./conteudo/capitulos/inputs/algoritmos-segmentacao.tex [16] <conteudo/capitulos/figs/janelas-deslizantes.pdf, id=353, page=1, 844.15375pt x 597.23125pt>
File: conteudo/capitulos/figs/janelas-deslizantes.pdf Graphic file (type pdf)
 <use conteudo/capitulos/figs/janelas-deslizantes.pdf, page 1>
Package pdftex.def Info: conteudo/capitulos/figs/janelas-deslizantes.pdf, page1 used on input line 24.
(pdftex.def)             Requested size: 364.00139pt x 202.99684pt.
 [17 <./conteudo/capitulos/figs/janelas-deslizantes.pdf

pdfTeX warning: pdflatex (file ./conteudo/capitulos/figs/janelas-deslizantes.pdf): PDF inclusion: invalid other resource which is no dict (key 'ProcSets', type <array>); ignored.
>] <conteudo/capitulos/figs/curva-similaridade.pdf, id=378, page=1, 845.1575pt x 597.23125pt>
File: conteudo/capitulos/figs/curva-similaridade.pdf Graphic file (type pdf)
 <use conteudo/capitulos/figs/curva-similaridade.pdf, page 1>
Package pdftex.def Info: conteudo/capitulos/figs/curva-similaridade.pdf, page1 used on input line 36.
(pdftex.def)             Requested size: 455.0pt x 191.91011pt.


LaTeX Warning: Citation `Bokaei2015' on page 18 undefined on input line 45.

./conteudo/capitulos/inputs/algoritmos-segmentacao.tex:45: Undefined control sequence.
l.45 ...ley2003}, e sua utilizao como \texttit
                                                  {base line} em outros trab...
The control sequence at the end of the top line
of your error message was never \def'ed. If you have
misspelled it (e.g., `\hobx'), type `I' and the correct
spelling (e.g., `I\hbox'). Otherwise just continue,
and I'll forget about whatever was undefined.


LaTeX Warning: Citation `Choi2000' on page 18 undefined on input line 45.


LaTeX Warning: Citation `Misra2009' on page 18 undefined on input line 45.


LaTeX Warning: Citation `Choi2000' on page 18 undefined on input line 50.

[18 <./conteudo/capitulos/figs/curva-similaridade.pdf>] <conteudo/capitulos/figs/similarity-matrix-l.png, id=423, 516.93124pt x 471.7625pt>
File: conteudo/capitulos/figs/similarity-matrix-l.png Graphic file (type png)
 <use conteudo/capitulos/figs/similarity-matrix-l.png>
Package pdftex.def Info: conteudo/capitulos/figs/similarity-matrix-l.png used on input line 61.
(pdftex.def)             Requested size: 273.00278pt x 249.15471pt.


LaTeX Warning: Citation `Eisenstein2008' on page 19 undefined on input line 64.


LaTeX Warning: Citation `Eisenstein2008' on page 19 undefined on input line 64.

./conteudo/capitulos/inputs/algoritmos-segmentacao.tex:83: Undefined control sequence.
l.83 	\subfigure
                [Passo 1]{
The control sequence at the end of the top line
of your error message was never \def'ed. If you have
misspelled it (e.g., `\hobx'), type `I' and the correct
spelling (e.g., `I\hbox'). Otherwise just continue,
and I'll forget about whatever was undefined.

<conteudo/capitulos/figs/c99-matrizes.pdf, id=426, page=1, 796.9775pt x 597.23125pt>
File: conteudo/capitulos/figs/c99-matrizes.pdf Graphic file (type pdf)
 <use conteudo/capitulos/figs/c99-matrizes.pdf, page 1>
Package pdftex.def Info: conteudo/capitulos/figs/c99-matrizes.pdf, page1 used on input line 85.
(pdftex.def)             Requested size: 170.71652pt x 73.96164pt.

./conteudo/capitulos/inputs/algoritmos-segmentacao.tex:87: Undefined control sequence.
l.87 	\subfigure
                [Passo 2]{
The control sequence at the end of the top line
of your error message was never \def'ed. If you have
misspelled it (e.g., `\hobx'), type `I' and the correct
spelling (e.g., `I\hbox'). Otherwise just continue,
and I'll forget about whatever was undefined.

<conteudo/capitulos/figs/c99-matrizes.pdf, id=428, page=2, 796.9775pt x 597.23125pt>
File: conteudo/capitulos/figs/c99-matrizes.pdf Graphic file (type pdf)
 <use conteudo/capitulos/figs/c99-matrizes.pdf, page 2>
Package pdftex.def Info: conteudo/capitulos/figs/c99-matrizes.pdf, page2 used on input line 89.
(pdftex.def)             Requested size: 170.71652pt x 73.96164pt.


LaTeX Warning: `!h' float specifier changed to `!ht'.

[19 <./conteudo/capitulos/figs/similarity-matrix-l.png>] [20 <./conteudo/capitulos/figs/c99-matrizes.pdf> <./conteudo/capitulos/figs/c99-matrizes.pdf>]

LaTeX Warning: Citation `Eisenstein2008' on page 21 undefined on input line 155.

<conteudo/capitulos/figs/graph-representation-of-text.png, id=482, 714.67pt x 230.8625pt>
File: conteudo/capitulos/figs/graph-representation-of-text.png Graphic file (type png)
 <use conteudo/capitulos/figs/graph-representation-of-text.png>
Package pdftex.def Info: conteudo/capitulos/figs/graph-representation-of-text.png used on input line 174.
(pdftex.def)             Requested size: 273.00278pt x 88.19012pt.


LaTeX Warning: `!h' float specifier changed to `!ht'.

./conteudo/capitulos/inputs/algoritmos-segmentacao.tex:182: Undefined control sequence.
l.182 ...a somatria das arestas que ligam $u\inA
                                                  $  $v\inB$(Equao~\re...
The control sequence at the end of the top line
of your error message was never \def'ed. If you have
misspelled it (e.g., `\hobx'), type `I' and the correct
spelling (e.g., `I\hbox'). Otherwise just continue,
and I'll forget about whatever was undefined.

./conteudo/capitulos/inputs/algoritmos-segmentacao.tex:182: Undefined control sequence.
l.182 ...a das arestas que ligam $u\inA$  $v\inB
                                                  $(Equao~\ref{equ:corte...
The control sequence at the end of the top line
of your error message was never \def'ed. If you have
misspelled it (e.g., `\hobx'), type `I' and the correct
spelling (e.g., `I\hbox'). Otherwise just continue,
and I'll forget about whatever was undefined.

[21]
./conteudo/capitulos/inputs/algoritmos-segmentacao.tex:206: Undefined control sequence.
l.206 ...ender a essa necessidade. Seja $A_1\dotsA
                                                  _k$ uma partio e $V - ...
The control sequence at the end of the top line
of your error message was never \def'ed. If you have
misspelled it (e.g., `\hobx'), type `I' and the correct
spelling (e.g., `I\hbox'). Otherwise just continue,
and I'll forget about whatever was undefined.

./conteudo/capitulos/inputs/algoritmos-segmentacao.tex:206: Double subscript.
l.206 ...nder a essa necessidade. Seja $A_1\dotsA_
                                                  k$ uma partio e $V - A...
I treat `x_1_2' essentially like `x_1{}_2'.

[22 <./conteudo/capitulos/figs/graph-representation-of-text.png>]) (./conteudo/capitulos/inputs/medidas-segmentacao.tex [23]

LaTeX Warning: Command \c invalid in math mode on input line 50.


LaTeX Warning: Command \c invalid in math mode on input line 58.


LaTeX Warning: Command \c invalid in math mode on input line 58.

<conteudo/capitulos/figs/near-missing.pdf, id=528, page=1, 844.15375pt x 597.23125pt>
File: conteudo/capitulos/figs/near-missing.pdf Graphic file (type pdf)
 <use conteudo/capitulos/figs/near-missing.pdf, page 1>
Package pdftex.def Info: conteudo/capitulos/figs/near-missing.pdf, page1 used on input line 82.
(pdftex.def)             Requested size: 318.49861pt x 88.9984pt.


LaTeX Warning: `!h' float specifier changed to `!ht'.

[24] [25 <./conteudo/capitulos/figs/near-missing.pdf

pdfTeX warning: pdflatex (file ./conteudo/capitulos/figs/near-missing.pdf): PDF inclusion: invalid other resource which is no dict (key 'ProcSets', type <array>); ignored.
>])) (./conteudo/capitulos/inputs/anotacoes.tex [26]

LaTeX Warning: Citation `Choi2000' on page 27 undefined on input line 21.


Underfull \vbox (badness 10000) has occurred while \output is active []

 [27] [28]) (./conteudo/capitulos/inputs/extracao-de-topicos.tex [29] [30]) (./conteudo/capitulos/inputs/trabalhos-relacionados.tex [31]

LaTeX Warning: Citation `NGUYEN Viet Cuong' on page 32 undefined on input line 29.

[32])) [33]
\openout2 = `conteudo/capitulos/4-cap3.aux'.

 (./conteudo/capitulos/4-cap3.tex [34



]
Package epstopdf Info: Source file: <conteudo/capitulos/figs/visao-geral-3.eps>
(epstopdf)                    date: 2016-08-04 09:13:03
(epstopdf)                    size: 341154 bytes
(epstopdf)             Output file: <conteudo/capitulos/figs/visao-geral-3-eps-converted-to.pdf>
(epstopdf)                    date: 2018-02-20 12:49:29
(epstopdf)                    size: 66255 bytes
(epstopdf)             Command: <repstopdf --outfile=conteudo/capitulos/figs/visao-geral-3-eps-converted-to.pdf conteudo/capitulos/figs/visao-geral-3.eps>
(epstopdf)             \includegraphics on input line 24.
Package epstopdf Info: Output file is already uptodate.
 <conteudo/capitulos/figs/visao-geral-3-eps-converted-to.pdf, id=720, 1084.05pt x 542.025pt>
File: conteudo/capitulos/figs/visao-geral-3-eps-converted-to.pdf Graphic file (type pdf)
 <use conteudo/capitulos/figs/visao-geral-3-eps-converted-to.pdf>
Package pdftex.def Info: conteudo/capitulos/figs/visao-geral-3-eps-converted-to.pdf used on input line 24.
(pdftex.def)             Requested size: 412.28189pt x 206.13704pt.
 [35] <conteudo/capitulos/figs/preparacao-docs.pdf, id=727, page=1, 844.15375pt x 597.23125pt>
File: conteudo/capitulos/figs/preparacao-docs.pdf Graphic file (type pdf)
 <use conteudo/capitulos/figs/preparacao-docs.pdf, page 1>
Package pdftex.def Info: conteudo/capitulos/figs/preparacao-docs.pdf, page1 used on input line 63.
(pdftex.def)             Requested size: 455.0pt x 213.70923pt.
 [36 <./conteudo/capitulos/figs/visao-geral-3-eps-converted-to.pdf>] (./conteudo/capitulos/inputs/algoritmo-find-sentences.tex)
Underfull \vbox (badness 10000) has occurred while \output is active []

 [37 <./conteudo/capitulos/figs/preparacao-docs.pdf

pdfTeX warning: pdflatex (file ./conteudo/capitulos/figs/preparacao-docs.pdf): PDF inclusion: invalid other resource which is no dict (key 'ProcSets', type <array>); ignored.
>]

LaTeX Warning: Citation `Bokaei2015' on page 38 undefined on input line 118.


LaTeX Warning: Citation `Misra2009' on page 38 undefined on input line 118.


LaTeX Warning: Citation `Sakahara2014' on page 38 undefined on input line 118.

[38] <conteudo/capitulos/figs/estrutura-de-dados-interna.pdf, id=779, page=1, 844.15375pt x 597.23125pt>
File: conteudo/capitulos/figs/estrutura-de-dados-interna.pdf Graphic file (type pdf)
 <use conteudo/capitulos/figs/estrutura-de-dados-interna.pdf, page 1>
Package pdftex.def Info: conteudo/capitulos/figs/estrutura-de-dados-interna.pdf, page1 used on input line 163.
(pdftex.def)             Requested size: 409.49722pt x 250.76648pt.
 [39 <./conteudo/capitulos/figs/estrutura-de-dados-interna.pdf

pdfTeX warning: pdflatex (file ./conteudo/capitulos/figs/estrutura-de-dados-interna.pdf): PDF inclusion: invalid other resource which is no dict (key 'ProcSets', type <array>); ignored.
>] [40] <conteudo/capitulos/figs/tela-principal-2-1.png, id=1394, 1177.39874pt x 737.75626pt>
File: conteudo/capitulos/figs/tela-principal-2-1.png Graphic file (type png)
 <use conteudo/capitulos/figs/tela-principal-2-1.png>
Package pdftex.def Info: conteudo/capitulos/figs/tela-principal-2-1.png used on input line 204.
(pdftex.def)             Requested size: 455.0pt x 285.10085pt.
) [41 <./conteudo/capitulos/figs/tela-principal-2-1.png>]
\openout2 = `conteudo/capitulos/cap-avaliacao-segmentadores.aux'.

 (./conteudo/capitulos/cap-avaliacao-segmentadores.tex [42



] <conteudo/capitulos/figs/interface-anotacoes.png, id=1408, 1445.4pt x 872.25874pt>
File: conteudo/capitulos/figs/interface-anotacoes.png Graphic file (type png)
 <use conteudo/capitulos/figs/interface-anotacoes.png>
Package pdftex.def Info: conteudo/capitulos/figs/interface-anotacoes.png used on input line 20.
(pdftex.def)             Requested size: 455.0pt x 274.57661pt.


LaTeX Warning: `!h' float specifier changed to `!ht'.


Overfull \hbox (3.32355pt too wide) in paragraph at lines 43--43
[]|$[]$| 
 []


Overfull \hbox (3.32355pt too wide) in paragraph at lines 49--49
[]|$[]$| 
 []


Overfull \hbox (3.32355pt too wide) in paragraph at lines 51--51
[]|$[]$| 
 []


Overfull \hbox (7.30954pt too wide) in paragraph at lines 53--53
[]|$[]$| 
 []


Overfull \hbox (7.30954pt too wide) in paragraph at lines 55--55
[]|$[]$| 
 []


Underfull \hbox (badness 2042) in paragraph at lines 56--58
[]|\T1/lmr/m/n/10 (+20) Ficou de-ci-dido en-viar e-mail aos do-cen-tes so-li-ci-tando que co-mu-ni-quem per-ma-nen-te-
 []


Overfull \hbox (7.30954pt too wide) in paragraph at lines 61--61
[]|$[]$| 
 []


Overfull \hbox (7.30954pt too wide) in paragraph at lines 66--66
[]|$[]$| 
 []


LaTeX Warning: `!h' float specifier changed to `!ht'.


Underfull \vbox (badness 10000) has occurred while \output is active []

 [43] <conteudo/capitulos/figs/segmentacao-referencia.pdf, id=1429, page=1, 844.15375pt x 597.23125pt>
File: conteudo/capitulos/figs/segmentacao-referencia.pdf Graphic file (type pdf)
 <use conteudo/capitulos/figs/segmentacao-referencia.pdf, page 1>
Package pdftex.def Info: conteudo/capitulos/figs/segmentacao-referencia.pdf, page1 used on input line 114.
(pdftex.def)             Requested size: 455.0pt x 135.61922pt.
 [44 <./conteudo/capitulos/figs/interface-anotacoes.png>]
Overfull \hbox (16.16505pt too wide) in paragraph at lines 130--161
 [][] 
 []

[45 <./conteudo/capitulos/figs/segmentacao-referencia.pdf

pdfTeX warning: pdflatex (file ./conteudo/capitulos/figs/segmentacao-referencia.pdf): PDF inclusion: invalid other resource which is no dict (key 'ProcSets', type <array>); ignored.
>]

LaTeX Warning: Citation `Eisenstein2008' on page 46 undefined on input line 179.

[46]

LaTeX Warning: Citation `Eisenstein2008' on page 47 undefined on input line 196.

[47] <conteudo/capitulos/figs/coesaolexicaTT-50-9.png, id=1623, 1413.28pt x 306.14375pt>
File: conteudo/capitulos/figs/coesaolexicaTT-50-9.png Graphic file (type png)
 <use conteudo/capitulos/figs/coesaolexicaTT-50-9.png>
Package pdftex.def Info: conteudo/capitulos/figs/coesaolexicaTT-50-9.png used on input line 271.
(pdftex.def)             Requested size: 455.0pt x 98.56125pt.

./conteudo/capitulos/cap-avaliacao-segmentadores.tex:324: Undefined control sequence.
l.324 	\subfigure
                 [a]{ \label{fig:a}
The control sequence at the end of the top line
of your error message was never \def'ed. If you have
misspelled it (e.g., `\hobx'), type `I' and the correct
spelling (e.g., `I\hbox'). Otherwise just continue,
and I'll forget about whatever was undefined.

<conteudo/capitulos/figs/CDs/WinDiff.png, id=1626, 433.62pt x 111.2958pt>
File: conteudo/capitulos/figs/CDs/WinDiff.png Graphic file (type png)
 <use conteudo/capitulos/figs/CDs/WinDiff.png>
Package pdftex.def Info: conteudo/capitulos/figs/CDs/WinDiff.png used on input line 325.
(pdftex.def)             Requested size: 199.16928pt x 51.12025pt.

./conteudo/capitulos/cap-avaliacao-segmentadores.tex:326: Undefined control sequence.
l.326 	\subfigure
                 [b]{ \label{fig:b}
The control sequence at the end of the top line
of your error message was never \def'ed. If you have
misspelled it (e.g., `\hobx'), type `I' and the correct
spelling (e.g., `I\hbox'). Otherwise just continue,
and I'll forget about whatever was undefined.

<conteudo/capitulos/figs/CDs/Pk.png, id=1627, 433.62pt x 111.2958pt>
File: conteudo/capitulos/figs/CDs/Pk.png Graphic file (type png)
 <use conteudo/capitulos/figs/CDs/Pk.png>
Package pdftex.def Info: conteudo/capitulos/figs/CDs/Pk.png used on input line 327.
(pdftex.def)             Requested size: 199.16928pt x 51.12025pt.

./conteudo/capitulos/cap-avaliacao-segmentadores.tex:328: Undefined control sequence.
l.328 	\subfigure
                 [c]{ \label{fig:c}
The control sequence at the end of the top line
of your error message was never \def'ed. If you have
misspelled it (e.g., `\hobx'), type `I' and the correct
spelling (e.g., `I\hbox'). Otherwise just continue,
and I'll forget about whatever was undefined.

<conteudo/capitulos/figs/CDs/Acuracy.png, id=1628, 433.62pt x 111.2958pt>
File: conteudo/capitulos/figs/CDs/Acuracy.png Graphic file (type png)
 <use conteudo/capitulos/figs/CDs/Acuracy.png>
Package pdftex.def Info: conteudo/capitulos/figs/CDs/Acuracy.png used on input line 329.
(pdftex.def)             Requested size: 199.16928pt x 51.12025pt.

./conteudo/capitulos/cap-avaliacao-segmentadores.tex:330: Undefined control sequence.
l.330 	\subfigure
                 [d]{ \label{fig:d}
The control sequence at the end of the top line
of your error message was never \def'ed. If you have
misspelled it (e.g., `\hobx'), type `I' and the correct
spelling (e.g., `I\hbox'). Otherwise just continue,
and I'll forget about whatever was undefined.

<conteudo/capitulos/figs/CDs/Precision.png, id=1629, 433.62pt x 111.2958pt>
File: conteudo/capitulos/figs/CDs/Precision.png Graphic file (type png)
 <use conteudo/capitulos/figs/CDs/Precision.png>
Package pdftex.def Info: conteudo/capitulos/figs/CDs/Precision.png used on input line 331.
(pdftex.def)             Requested size: 213.39566pt x 54.77147pt.

./conteudo/capitulos/cap-avaliacao-segmentadores.tex:332: Undefined control sequence.
l.332 	\subfigure
                 [e]{ \label{fig:e}
The control sequence at the end of the top line
of your error message was never \def'ed. If you have
misspelled it (e.g., `\hobx'), type `I' and the correct
spelling (e.g., `I\hbox'). Otherwise just continue,
and I'll forget about whatever was undefined.

<conteudo/capitulos/figs/CDs/Recall.png, id=1630, 433.62pt x 111.2958pt>
File: conteudo/capitulos/figs/CDs/Recall.png Graphic file (type png)
 <use conteudo/capitulos/figs/CDs/Recall.png>
Package pdftex.def Info: conteudo/capitulos/figs/CDs/Recall.png used on input line 333.
(pdftex.def)             Requested size: 199.16928pt x 51.12025pt.

./conteudo/capitulos/cap-avaliacao-segmentadores.tex:334: Undefined control sequence.
l.334 	\subfigure
                 [f]{ \label{fig:f}
The control sequence at the end of the top line
of your error message was never \def'ed. If you have
misspelled it (e.g., `\hobx'), type `I' and the correct
spelling (e.g., `I\hbox'). Otherwise just continue,
and I'll forget about whatever was undefined.

<conteudo/capitulos/figs/CDs/F1.png, id=1631, 433.62pt x 111.2958pt>
File: conteudo/capitulos/figs/CDs/F1.png Graphic file (type png)
 <use conteudo/capitulos/figs/CDs/F1.png>
Package pdftex.def Info: conteudo/capitulos/figs/CDs/F1.png used on input line 335.
(pdftex.def)             Requested size: 199.16928pt x 51.12025pt.


LaTeX Warning: `!h' float specifier changed to `!ht'.


LaTeX Warning: Reference `tab:configfinal' on page 48 undefined on input line 344.

[48 <./conteudo/capitulos/figs/coesaolexicaTT-50-9.png>] (./conteudo/capitulos/inputs/tabela-resumo.tex
LaTeX Font Info:    External font `lmex10' loaded for size
(Font)              <10.95> on input line 5.

Overfull \hbox (62.76532pt too wide) in paragraph at lines 5--110
 [][] 
 []


LaTeX Warning: `!h' float specifier changed to `!ht'.

) <conteudo/capitulos/figs/graficos/resumo-3.png, id=1642, 534.49687pt x 255.95625pt>
File: conteudo/capitulos/figs/graficos/resumo-3.png Graphic file (type png)
 <use conteudo/capitulos/figs/graficos/resumo-3.png>
Package pdftex.def Info: conteudo/capitulos/figs/graficos/resumo-3.png used on input line 410.
(pdftex.def)             Requested size: 455.0pt x 217.8958pt.


LaTeX Warning: `!h' float specifier changed to `!ht'.

<conteudo/capitulos/figs/graficos/analiseNSegRate-MinCut.png, id=1643, 544.28343pt x 255.95625pt>
File: conteudo/capitulos/figs/graficos/analiseNSegRate-MinCut.png Graphic file (type png)
 <use conteudo/capitulos/figs/graficos/analiseNSegRate-MinCut.png>
Package pdftex.def Info: conteudo/capitulos/figs/graficos/analiseNSegRate-MinCut.png used on input line 422.
(pdftex.def)             Requested size: 455.0pt x 213.9668pt.


LaTeX Warning: `!h' float specifier changed to `!ht'.

<conteudo/capitulos/figs/graficos/analiseNSegRate-UISeg.png, id=1644, 544.28343pt x 255.95625pt>
File: conteudo/capitulos/figs/graficos/analiseNSegRate-UISeg.png Graphic file (type png)
 <use conteudo/capitulos/figs/graficos/analiseNSegRate-UISeg.png>
Package pdftex.def Info: conteudo/capitulos/figs/graficos/analiseNSegRate-UISeg.png used on input line 430.
(pdftex.def)             Requested size: 455.0pt x 213.9668pt.


LaTeX Warning: `!h' float specifier changed to `!ht'.

<conteudo/capitulos/figs/graficos/analiseNSegRate-Bayes.png, id=1645, 544.28343pt x 255.95625pt>
File: conteudo/capitulos/figs/graficos/analiseNSegRate-Bayes.png Graphic file (type png)
 <use conteudo/capitulos/figs/graficos/analiseNSegRate-Bayes.png>
Package pdftex.def Info: conteudo/capitulos/figs/graficos/analiseNSegRate-Bayes.png used on input line 437.
(pdftex.def)             Requested size: 455.0pt x 213.9668pt.


LaTeX Warning: `!h' float specifier changed to `!ht'.

<conteudo/capitulos/figs/graficos/analiseNSegRate-C99.png, id=1646, 544.28343pt x 255.95625pt>
File: conteudo/capitulos/figs/graficos/analiseNSegRate-C99.png Graphic file (type png)
 <use conteudo/capitulos/figs/graficos/analiseNSegRate-C99.png>
Package pdftex.def Info: conteudo/capitulos/figs/graficos/analiseNSegRate-C99.png used on input line 445.
(pdftex.def)             Requested size: 455.0pt x 213.9668pt.


LaTeX Warning: `!h' float specifier changed to `!ht'.


./conteudo/capitulos/cap-avaliacao-segmentadores.tex:454: LaTeX Error: File `' not found.

See the LaTeX manual or LaTeX Companion for explanation.
Type  H <return>  for immediate help.
 ...                                              
                                                  
l.454 	  \includegraphics[width=1\textwidth]{}
                                              
I could not locate the file with any of these extensions:
.png,.pdf,.jpg,.mps,.jpeg,.jbig2,.jb2,.PNG,.PDF,.JPG,.JPEG,.JBIG2,.JB2,.eps
Try typing  <return>  to proceed.
If that doesn't work, type  X <return>  to quit.


LaTeX Warning: `!h' float specifier changed to `!ht'.

) [49 <./conteudo/capitulos/figs/CDs/WinDiff.png> <./conteudo/capitulos/figs/CDs/Pk.png> <./conteudo/capitulos/figs/CDs/Acuracy.png> <./conteudo/capitulos/figs/CDs/Precision.png> <./conteudo/capitulos/figs/CDs/Recall.png> <./conteudo/capitulos/figs/CDs/F1.png>] [50 <./conteudo/capitulos/figs/graficos/resumo-3.png (PNG copy)>] [51 <./conteudo/capitulos/figs/graficos/analiseNSegRate-MinCut.png (PNG copy)> <./conteudo/capitulos/figs/graficos/analiseNSegRate-UISeg.png (PNG copy)>] [52 <./conteudo/capitulos/figs/graficos/analiseNSegRate-Bayes.png (PNG copy)> <./conteudo/capitulos/figs/graficos/analiseNSegRate-C99.png (PNG copy)>]
\openout2 = `conteudo/capitulos/cap-avaliacao-extratores.aux'.

 (./conteudo/capitulos/cap-avaliacao-extratores.tex) [53



]
\openout2 = `conteudo/capitulos/cap-avaliacao-modulo-consulta.aux'.

 (./conteudo/capitulos/cap-avaliacao-modulo-consulta.tex [54



]) [55] (./ovidio-dissertacao.bbl (./ovidio-dissertacao.brf)
\tf@brf=\write6
\openout6 = `ovidio-dissertacao.brf'.

 [56


]
bibitemlist
[57] [58] [59] [60] [61] [62]) 
AED: lastpage setting LastPage
[63]
\tf@toc=\write7
\openout7 = `ovidio-dissertacao.toc'.

Package atveryend Info: Empty hook `BeforeClearDocument' on input line 316.
Package atveryend Info: Empty hook `AfterLastShipout' on input line 316.
 (./ovidio-dissertacao.aux (./conteudo/capitulos/2-cap1.aux) (./conteudo/capitulos/3-cap2.aux) (./conteudo/capitulos/4-cap3.aux) (./conteudo/capitulos/cap-avaliacao-segmentadores.aux) (./conteudo/capitulos/cap-avaliacao-extratores.aux) (./conteudo/capitulos/cap-avaliacao-modulo-consulta.aux))
Package atveryend Info: Executing hook `AtVeryEndDocument' on input line 316.
Package atveryend Info: Executing hook `AtEndAfterFileList' on input line 316.
Package rerunfilecheck Info: File `ovidio-dissertacao.brf' has not changed.
(rerunfilecheck)             Checksum: A86913349CB73CA6109C5C9BE090A94D;8546.


LaTeX Warning: There were undefined references.


LaTeX Warning: There were multiply-defined labels.

Package atveryend Info: Empty hook `AtVeryVeryEnd' on input line 316.
 )
(\end occurred inside a group at level 1)

### simple group (level 1) entered at line 1061 ({)
### bottom level 
Here is how much of TeX's memory you used:
 16667 strings out of 494884
 252263 string characters out of 6179236
 469466 words of memory out of 5000000
 19146 multiletter control sequences out of 15000+600000
 110271 words of font info for 174 fonts, out of 8000000 for 9000
 38 hyphenation exceptions out of 8191
 50i,15n,40p,1335b,2995s stack positions out of 5000i,500n,10000p,200000b,80000s
{/usr/share/texmf/fonts/enc/dvips/lm/lm-ec.enc}{/usr/share/texmf/fonts/enc/dvips/lm/lm-rm.enc}{/usr/share/texmf/fonts/enc/dvips/lm/lm-mathsy.enc}{/usr/share/texmf/fonts/enc/dvips/lm/lm-mathit.enc}{/usr/share/texmf/fonts/enc/dvips/lm/lm-mathex.enc}</usr/share/texmf/fonts/type1/public/lm/lmbx10.pfb></usr/share/texmf/fonts/type1/public/lm/lmbx12.pfb></usr/share/texmf/fonts/type1/public/lm/lmbx8.pfb></usr/share/texmf/fonts/type1/public/lm/lmex10.pfb></usr/share/texmf/fonts/type1/public/lm/lmmi12.pfb></usr/share/texmf/fonts/type1/public/lm/lmmi6.pfb></usr/share/texmf/fonts/type1/public/lm/lmmi8.pfb></usr/share/texmf/fonts/type1/public/lm/lmr10.pfb></usr/share/texmf/fonts/type1/public/lm/lmr12.pfb></usr/share/texmf/fonts/type1/public/lm/lmr7.pfb></usr/share/texmf/fonts/type1/public/lm/lmr8.pfb></usr/share/texmf/fonts/type1/public/lm/lmri10.pfb></usr/share/texmf/fonts/type1/public/lm/lmri12.pfb></usr/share/texmf/fonts/type1/public/lm/lmri8.pfb></usr/share/texmf/fonts/type1/public/lm/lmss10.pfb></usr/share/texmf/fonts/type1/public/lm/lmss12.pfb></usr/share/texmf/fonts/type1/public/lm/lmss17.pfb></usr/share/texmf/fonts/type1/public/lm/lmssbx10.pfb></usr/share/texmf/fonts/type1/public/lm/lmsso12.pfb></usr/share/texmf/fonts/type1/public/lm/lmsy10.pfb></usr/share/texmf/fonts/type1/public/lm/lmsy8.pfb></usr/share/texmf/fonts/type1/public/lm/lmtt10.pfb></usr/share/texmf/fonts/type1/public/lm/lmtt12.pfb>
Output written on ovidio-dissertacao.pdf (64 pages, 1844750 bytes).
PDF statistics:
 2192 PDF objects out of 2487 (max. 8388607)
 1435 compressed objects within 15 object streams
 254 named destinations out of 1000 (max. 500000)
 37974 words of extra memory for PDF output out of 42996 (max. 10000000)

