This is pdfTeX, Version 3.14159265-2.6-1.40.17 (TeX Live 2016/Debian) (preloaded format=pdflatex 2017.8.22)  24 JUN 2018 00:43
entering extended mode
 restricted \write18 enabled.
 file:line:error style messages enabled.
 %&-line parsing enabled.
**analise-segs.tex
(./analise-segs.tex
LaTeX2e <2017/01/01> patch level 3
Babel <3.9r> and hyphenation patterns for 6 language(s) loaded.
(/usr/share/texlive/texmf-dist/tex/latex/base/article.cls
Document Class: article 2014/09/29 v1.4h Standard LaTeX document class
(/usr/share/texlive/texmf-dist/tex/latex/base/size10.clo
File: size10.clo 2014/09/29 v1.4h Standard LaTeX file (size option)
)
\c@part=\count79
\c@section=\count80
\c@subsection=\count81
\c@subsubsection=\count82
\c@paragraph=\count83
\c@subparagraph=\count84
\c@figure=\count85
\c@table=\count86
\abovecaptionskip=\skip41
\belowcaptionskip=\skip42
\bibindent=\dimen102
) (/usr/share/texlive/texmf-dist/tex/latex/geometry/geometry.sty
Package: geometry 2010/09/12 v5.6 Page Geometry
 (/usr/share/texlive/texmf-dist/tex/latex/graphics/keyval.sty
Package: keyval 2014/10/28 v1.15 key=value parser (DPC)
\KV@toks@=\toks14
) (/usr/share/texlive/texmf-dist/tex/generic/oberdiek/ifpdf.sty
Package: ifpdf 2016/05/14 v3.1 Provides the ifpdf switch
) (/usr/share/texlive/texmf-dist/tex/generic/oberdiek/ifvtex.sty
Package: ifvtex 2016/05/16 v1.6 Detect VTeX and its facilities (HO)
Package ifvtex Info: VTeX not detected.
) (/usr/share/texlive/texmf-dist/tex/generic/ifxetex/ifxetex.sty
Package: ifxetex 2010/09/12 v0.6 Provides ifxetex conditional
)
\Gm@cnth=\count87
\Gm@cntv=\count88
\c@Gm@tempcnt=\count89
\Gm@bindingoffset=\dimen103
\Gm@wd@mp=\dimen104
\Gm@odd@mp=\dimen105
\Gm@even@mp=\dimen106
\Gm@layoutwidth=\dimen107
\Gm@layoutheight=\dimen108
\Gm@layouthoffset=\dimen109
\Gm@layoutvoffset=\dimen110
\Gm@dimlist=\toks15
) (/usr/share/texlive/texmf-dist/tex/latex/tools/longtable.sty
Package: longtable 2014/10/28 v4.11 Multi-page Table package (DPC)
\LTleft=\skip43
\LTright=\skip44
\LTpre=\skip45
\LTpost=\skip46
\LTchunksize=\count90
\LTcapwidth=\dimen111
\LT@head=\box26
\LT@firsthead=\box27
\LT@foot=\box28
\LT@lastfoot=\box29
\LT@cols=\count91
\LT@rows=\count92
\c@LT@tables=\count93
\c@LT@chunks=\count94
\LT@p@ftn=\toks16
) (/usr/share/texlive/texmf-dist/tex/latex/xcolor/xcolor.sty
Package: xcolor 2016/05/11 v2.12 LaTeX color extensions (UK)
 (/usr/share/texlive/texmf-dist/tex/latex/graphics-cfg/color.cfg
File: color.cfg 2016/01/02 v1.6 sample color configuration
)
Package xcolor Info: Driver file: pdftex.def on input line 225.
 (/usr/share/texlive/texmf-dist/tex/latex/graphics-def/pdftex.def
File: pdftex.def 2017/01/12 v0.06k Graphics/color for pdfTeX
 (/usr/share/texlive/texmf-dist/tex/generic/oberdiek/infwarerr.sty
Package: infwarerr 2016/05/16 v1.4 Providing info/warning/error messages (HO)
) (/usr/share/texlive/texmf-dist/tex/generic/oberdiek/ltxcmds.sty
Package: ltxcmds 2016/05/16 v1.23 LaTeX kernel commands for general use (HO)
)
\Gread@gobject=\count95
) (/usr/share/texlive/texmf-dist/tex/latex/colortbl/colortbl.sty
Package: colortbl 2012/02/13 v1.0a Color table columns (DPC)
 (/usr/share/texlive/texmf-dist/tex/latex/tools/array.sty
Package: array 2016/10/06 v2.4d Tabular extension package (FMi)
\col@sep=\dimen112
\extrarowheight=\dimen113
\NC@list=\toks17
\extratabsurround=\skip47
\backup@length=\skip48
)
\everycr=\toks18
\minrowclearance=\skip49
)
\rownum=\count96
Package xcolor Info: Model `cmy' substituted by `cmy0' on input line 1348.
Package xcolor Info: Model `hsb' substituted by `rgb' on input line 1352.
Package xcolor Info: Model `RGB' extended on input line 1364.
Package xcolor Info: Model `HTML' substituted by `rgb' on input line 1366.
Package xcolor Info: Model `Hsb' substituted by `hsb' on input line 1367.
Package xcolor Info: Model `tHsb' substituted by `hsb' on input line 1368.
Package xcolor Info: Model `HSB' substituted by `hsb' on input line 1369.
Package xcolor Info: Model `Gray' substituted by `gray' on input line 1370.
Package xcolor Info: Model `wave' substituted by `hsb' on input line 1371.
) (./analise-segs.aux)
\openout1 = `analise-segs.aux'.

LaTeX Font Info:    Checking defaults for OML/cmm/m/it on input line 5.
LaTeX Font Info:    ... okay on input line 5.
LaTeX Font Info:    Checking defaults for T1/cmr/m/n on input line 5.
LaTeX Font Info:    ... okay on input line 5.
LaTeX Font Info:    Checking defaults for OT1/cmr/m/n on input line 5.
LaTeX Font Info:    ... okay on input line 5.
LaTeX Font Info:    Checking defaults for OMS/cmsy/m/n on input line 5.
LaTeX Font Info:    ... okay on input line 5.
LaTeX Font Info:    Checking defaults for OMX/cmex/m/n on input line 5.
LaTeX Font Info:    ... okay on input line 5.
LaTeX Font Info:    Checking defaults for U/cmr/m/n on input line 5.
LaTeX Font Info:    ... okay on input line 5.

*geometry* driver: auto-detecting
*geometry* detected driver: pdftex
*geometry* verbose mode - [ preamble ] result:
* driver: pdftex
* paper: a4paper
* layout: <same size as paper>
* layoutoffset:(h,v)=(0.0pt,0.0pt)
* modes: 
* h-part:(L,W,R)=(28.45274pt, 540.60239pt, 28.45274pt)
* v-part:(T,H,B)=(28.45274pt, 715.18745pt, 101.40665pt)
* \paperwidth=597.50787pt
* \paperheight=845.04684pt
* \textwidth=540.60239pt
* \textheight=715.18745pt
* \oddsidemargin=-43.81725pt
* \evensidemargin=-43.81725pt
* \topmargin=-80.81725pt
* \headheight=12.0pt
* \headsep=25.0pt
* \topskip=10.0pt
* \footskip=30.0pt
* \marginparwidth=65.0pt
* \marginparsep=11.0pt
* \columnsep=10.0pt
* \skip\footins=9.0pt plus 4.0pt minus 2.0pt
* \hoffset=0.0pt
* \voffset=0.0pt
* \mag=1000
* \@twocolumnfalse
* \@twosidefalse
* \@mparswitchfalse
* \@reversemarginfalse
* (1in=72.27pt=25.4mm, 1cm=28.453pt)

(/usr/share/texlive/texmf-dist/tex/context/base/mkii/supp-pdf.mkii
[Loading MPS to PDF converter (version 2006.09.02).]
\scratchcounter=\count97
\scratchdimen=\dimen114
\scratchbox=\box30
\nofMPsegments=\count98
\nofMParguments=\count99
\everyMPshowfont=\toks19
\MPscratchCnt=\count100
\MPscratchDim=\dimen115
\MPnumerator=\count101
\makeMPintoPDFobject=\count102
\everyMPtoPDFconversion=\toks20
)
Missing character: There is no ร in font cmr10!
Missing character: There is no ก in font cmr10!
Missing character: There is no ร in font cmr10!
Missing character: There is no ข in font cmr10!
Missing character: There is no ร in font cmr10!
Missing character: There is no ง in font cmr10!
Missing character: There is no ร in font cmr10!
Missing character: There is no ฃ in font cmr10!
LaTeX Font Info:    External font `cmex10' loaded for size
(Font)              <7> on input line 10.
LaTeX Font Info:    External font `cmex10' loaded for size
(Font)              <5> on input line 10.
Missing character: There is no ร in font cmr10!
Missing character: There is no ก in font cmr10!
Missing character: There is no ร in font cmr10!
Missing character: There is no ง in font cmr10!
Missing character: There is no ร in font cmr10!
Missing character: There is no ต in font cmr10!
Missing character: There is no ร in font cmr10!
Missing character: There is no ข in font cmr10!
Missing character: There is no ร in font cmr10!
Missing character: There is no ก in font cmr10!
Missing character: There is no ร in font cmr10!
Missing character: There is no ง in font cmr10!
Missing character: There is no ร in font cmr10!
Missing character: There is no ฃ in font cmr10!
Missing character: There is no ร in font cmr10!
Missing character: There is no ง in font cmr10!
Missing character: There is no ร in font cmr10!
Missing character: There is no ฃ in font cmr10!
Missing character: There is no ร in font cmr10!
Missing character: There is no ง in font cmr10!
Missing character: There is no ร in font cmr10!
Missing character: There is no ฃ in font cmr10!
Missing character: There is no ร in font cmr10!
Missing character: There is no ญ in font cmr10!


LaTeX Warning: Reference `cap:avaliacao-extratores' on page 1 undefined on input line 12.

Missing character: There is no ร in font cmr10!
Missing character: There is no ง in font cmr10!
Missing character: There is no ร in font cmr10!
Missing character: There is no ฃ in font cmr10!
Missing character: There is no ร in font cmr10!
Missing character: There is no ข in font cmr10!
Missing character: There is no ร in font cmr10!
Missing character: There is no ฉ in font cmr10!
Missing character: There is no ร in font cmr10!
Missing character: There is no ง in font cmr10!
Missing character: There is no ร in font cmr10!
Missing character: There is no ฃ in font cmr10!
Missing character: There is no ร in font cmr10!
Missing character: There is no ช in font cmr10!
Missing character: There is no ร in font cmr10!
Missing character: There is no ง in font cmr10!

LaTeX Warning: Reference `sec:segreferencia' on page 1 undefined on input line 13.

Missing character: There is no ร in font cmr10!
Missing character: There is no ง in font cmr10!
Missing character: There is no ร in font cmr10!
Missing character: There is no ฃ in font cmr10!
Missing character: There is no ร in font cmr10!
Missing character: There is no ก in font cmr10!
Missing character: There is no ร in font cmr10!
Missing character: There is no ช in font cmr10!
(./com-pp.tex
Missing character: There is no ร in font cmr10!
Missing character: There is no ก in font cmr10!

Underfull \vbox (badness 10000) detected at line 25
 []

Missing character: There is no ร in font cmr10!
Missing character: There is no ก in font cmr10!
Missing character: There is no ร in font cmr10!
Missing character: There is no ฉ in font cmr10!
Missing character: There is no ร in font cmr10!
Missing character: There is no ก in font cmr10!
Missing character: There is no ร in font cmr10!
Missing character: There is no ฉ in font cmr10!
[1

{/var/lib/texmf/fonts/map/pdftex/updmap/pdftex.map}]
Missing character: There is no ร in font cmr10!
Missing character: There is no ก in font cmr10!

Underfull \vbox (badness 10000) detected at line 68
 []

Missing character: There is no ร in font cmr10!
Missing character: There is no ก in font cmr10!
Missing character: There is no ร in font cmr10!
Missing character: There is no ฉ in font cmr10!
Missing character: There is no ร in font cmr10!
Missing character: There is no ก in font cmr10!
Missing character: There is no ร in font cmr10!
Missing character: There is no ฉ in font cmr10!
[2]
Missing character: There is no ร in font cmr10!
Missing character: There is no ก in font cmr10!

Underfull \vbox (badness 10000) detected at line 117
 []

Missing character: There is no ร in font cmr10!
Missing character: There is no ก in font cmr10!
Missing character: There is no ร in font cmr10!
Missing character: There is no ฉ in font cmr10!
Missing character: There is no ร in font cmr10!
Missing character: There is no ก in font cmr10!
Missing character: There is no ร in font cmr10!
Missing character: There is no ฉ in font cmr10!
[3]
Missing character: There is no ร in font cmr10!
Missing character: There is no ก in font cmr10!

Underfull \vbox (badness 10000) detected at line 169
 []

Missing character: There is no ร in font cmr10!
Missing character: There is no ก in font cmr10!
Missing character: There is no ร in font cmr10!
Missing character: There is no ฉ in font cmr10!
Missing character: There is no ร in font cmr10!
Missing character: There is no ก in font cmr10!
Missing character: There is no ร in font cmr10!
Missing character: There is no ฉ in font cmr10!
[4]
Missing character: There is no ร in font cmr10!
Missing character: There is no ก in font cmr10!
Missing character: There is no ร in font cmr10!
Missing character: There is no ก in font cmr10!
Missing character: There is no ร in font cmr10!
Missing character: There is no ฉ in font cmr10!
Missing character: There is no ร in font cmr10!
Missing character: There is no ก in font cmr10!
Missing character: There is no ร in font cmr10!
Missing character: There is no ฉ in font cmr10!

Underfull \vbox (badness 10000) detected at line 237
 []

Missing character: There is no ร in font cmbx10!
Missing character: There is no ง in font cmbx10!
Missing character: There is no ร in font cmr10!
Missing character: There is no ก in font cmr10!
./com-pp.tex:253: Misplaced \noalign.
\caption ->\noalign 
                    \bgroup \@ifnextchar [{\egroup \LT@c@ption \@firstofone ...
l.253  \caption
               {Valores das medidas de desempenho para anรกlise do pseudo al...
I expect to see \noalign only after the \cr of
an alignment. Proceed, and I'll ignore this case.

./com-pp.tex:253: Misplaced \omit.
\multispan ->\omit 
                   \@multispan 
l.253 ...ise do pseudo algoritmo \textit{TextSeg}}
                                                  
I expect to see \omit only after tab marks or the \cr of
an alignment. Proceed, and I'll ignore this case.

./com-pp.tex:253: Extra alignment tab has been changed to \cr.
<template> \endtemplate 
                        
l.253 ...ise do pseudo algoritmo \textit{TextSeg}}
                                                  
You have given more \span or & marks than there were
in the preamble to the \halign or \valign now in progress.
So I'll assume that you meant to type \cr instead.

Missing character: There is no ร in font cmr10!
Missing character: There is no ก in font cmr10!
Missing character: There is no ร in font cmr10!
Missing character: There is no ก in font cmr10!

Underfull \vbox (badness 10000) detected at line 254
 []

) [5] (./sem-pp.tex
Missing character: There is no ร in font cmr10!
Missing character: There is no ก in font cmr10!

Underfull \vbox (badness 10000) detected at line 25
 []

[6]
Missing character: There is no ร in font cmr10!
Missing character: There is no ก in font cmr10!

Underfull \vbox (badness 10000) detected at line 67
 []

[7]
Missing character: There is no ร in font cmr10!
Missing character: There is no ก in font cmr10!

Underfull \vbox (badness 10000) detected at line 113
 []

[8]
Missing character: There is no ร in font cmr10!
Missing character: There is no ก in font cmr10!

Underfull \vbox (badness 10000) detected at line 158
 []

[9]
Missing character: There is no ร in font cmr10!
Missing character: There is no ก in font cmr10!

Underfull \vbox (badness 10000) detected at line 229
 []

Missing character: There is no ร in font cmbx10!
Missing character: There is no ง in font cmbx10!
Missing character: There is no ร in font cmr10!
Missing character: There is no ก in font cmr10!
Missing character: There is no ร in font cmr10!
Missing character: There is no ง in font cmr10!

Underfull \vbox (badness 10000) detected at line 243
 []

) [10] (./analise-segs.aux)

LaTeX Warning: There were undefined references.

 ) 
Here is how much of TeX's memory you used:
 2105 strings out of 494884
 27229 string characters out of 6179236
 154507 words of memory out of 5000000
 5438 multiletter control sequences out of 15000+600000
 4294 words of font info for 16 fonts, out of 8000000 for 9000
 38 hyphenation exceptions out of 8191
 41i,7n,35p,377b,199s stack positions out of 5000i,500n,10000p,200000b,80000s
</usr/share/texlive/texmf-dist/fonts/type1/public/amsfonts/cm/cmbx10.pfb></usr/share/texlive/texmf-dist/fonts/type1/public/amsfonts/cm/cmmi10.pfb></usr/share/texlive/texmf-dist/fonts/type1/public/amsfonts/cm/cmmi7.pfb></usr/share/texlive/texmf-dist/fonts/type1/public/amsfonts/cm/cmr10.pfb></usr/share/texlive/texmf-dist/fonts/type1/public/amsfonts/cm/cmr7.pfb></usr/share/texlive/texmf-dist/fonts/type1/public/amsfonts/cm/cmti10.pfb>
Output written on analise-segs.pdf (10 pages, 112824 bytes).
PDF statistics:
 61 PDF objects out of 1000 (max. 8388607)
 42 compressed objects within 1 object stream
 0 named destinations out of 1000 (max. 500000)
 1 words of extra memory for PDF output out of 10000 (max. 10000000)

