Arquivo de imagem salvo como: ./docs/Fabio/Ata 32 - 28a Reunião Odinária PPGCCS.txt.pngCoesão léxica em e segmentações automática e manual ao longo do arquivo './docs/Fabio/Ata 32 - 28a Reunião Odinária PPGCCS.txt'
Arquivo de Referêcia: './docs/Fabio/Ata 32 - 28a Reunião Odinária PPGCCS.txt.bonds'

Palvras = 982

TT 15 10
Segmentos Hyp = 11
Segmentos Ref = 6

Finais dos segmentos automáticos:
  ... retiradas a qualquer momento;  [321]
  ... Sorocaba – SP selecionado.  [673]
  ... quantidade no próximo ano.  [258]
  ... Dra. Tiemi Christine Sakata;  [834]
  ... membros votaram a favor;  [707]
  ... Sorocaba a se realizar:.  [55]
  ... norma 4 do PPGCCS;  [378]
  ... para setembro de 2015;  [798]
  ... sua realização por e-mail.  [127]
  ... de Estudos do PPGCCS.  [511]


Finais dos segmentos referência:
  ... membros da banca examinadora;  [880]
  ... Tiago Agostinho de Almeida.  [193]
  ... membros votaram a favor;  [706]
  ... Sorocaba a se realizar:.  [54]
  ... norma 4 do PPGCCS;  [377]
  ... para setembro de 2015;  [797]
