Coesão léxica em e segmentações automática e manual ao longo do arquivo 'Generos-Musicais.txt'
Arquivo de Referêcia: 'Generos-Musicais.txt.bounds'

Palvras = 957

TT 50  9
Segmentos Hyp = 13
Segmentos Ref = 7

Finais dos segmentos automáticos:
  ... as capitais dos estados.  | [131] |  De acordo com uma ...
  ... uma vez na semana.  | [152] |  Esse estilo, que é ...
  ... populares desse estilo musical.  | [244] |  Nº 2: Música Popular ...
  ... de instrumentos tipicamente brasileiros.  | [325] |  As canções do tropicalismo, ...
  ... estilo em suas músicas.  | [370] |  Nº 3: Samba (ou ...
  ... por artistas mais jovens.  | [480] |  Alguns dos representantes do ...
  ... sanfona, zabumba e triângulo.  | [539] |  O forró pode se ...
  ... por sua música regional.  | [605] |  Alguns dos forrozeiros mais ...
  ... classes sociais do Brasil.  | [685] |  Hoje escuta-se bastante rock, ...
  ... uma vez na semana.  | [717] |  As bandas brasileiras de ...
  ... valorizados no mercado musical.  | [804] |  Nº 6: Música eletrônica ...
  ... da década de 2000.  | [823] |  A geração nascida no ...


Finais dos segmentos referência:
  ... brasileiros mais escutados? Confira:  | [106] |  Nº1: Sertanejo O sertanejo ...
  ... populares desse estilo musical.  | [243] |  Nº 2: Música Popular ...
  ... estilo em suas músicas.  | [369] |  Nº 3: Samba (ou ...
  ... muitos outros talentosos artistas.  | [508] |  Nº 4: Forró Um ...
  ... Gonzaga e Zé Ramalho.  | [635] |  Nº 5: Rock O ...
  ... valorizados no mercado musical.  | [803] |  Nº 6: Música eletrônica ...
